Using pre-set license
Built from '2020.2/staging' branch; Version is '2020.2.7f1 (c53830e277f1) revision 12924976'; Using compiler version '192528614'; Build Type 'Release'
OS: 'Windows 10 Home; OS build 19045.2364; Version 2009; 64bit' Language: 'en' Physical Memory: 16250 MB
BatchMode: 1, IsHumanControllingUs: 0, StartBugReporterOnCrash: 0, Is64bit: 1, IsPro: 0

 COMMAND LINE ARGUMENTS:
C:\Program Files\Unity\Editor\Unity.exe
-adb2
-batchMode
-noUpm
-name
AssetImportWorker0
-projectPath
D:/Unity projects/NoScriptProject
-logFile
Logs/AssetImportWorker0.log
-srvPort
52658
Successfully changed project path to: D:/Unity projects/NoScriptProject
D:/Unity projects/NoScriptProject
Using Asset Import Pipeline V2.
Refreshing native plugins compatible for Editor in 15.84 ms, found 0 plugins.
Preloading 0 native plugins for Editor in 0.00 ms.
Initialize engine version: 2020.2.7f1 (c53830e277f1)
[Subsystems] Discovering subsystems at path C:/Program Files/Unity/Editor/Data/Resources/UnitySubsystems
[Subsystems] Discovering subsystems at path D:/Unity projects/NoScriptProject/Assets
GfxDevice: creating device client; threaded=0
Direct3D:
    Version:  Direct3D 11.0 [level 11.1]
    Renderer: NVIDIA GeForce GTX 1070 (ID=0x1b81)
    Vendor:   
    VRAM:     8088 MB
    Driver:   31.0.15.1694
Initialize mono
Mono path[0] = 'C:/Program Files/Unity/Editor/Data/Managed'
Mono path[1] = 'C:/Program Files/Unity/Editor/Data/MonoBleedingEdge/lib/mono/unityjit'
Mono config path = 'C:/Program Files/Unity/Editor/Data/MonoBleedingEdge/etc'
Using monoOptions --debugger-agent=transport=dt_socket,embedding=1,server=y,suspend=n,address=127.0.0.1:56920
Begin MonoManager ReloadAssembly
Registering precompiled unity dll's ...
Register platform support module: C:/Program Files/Unity/Editor/Data/PlaybackEngines/WindowsStandaloneSupport/UnityEditor.WindowsStandalone.Extensions.dll
Registered in 0.001686 seconds.
Native extension for WindowsStandalone target not found
Refreshing native plugins compatible for Editor in 15.14 ms, found 0 plugins.
Preloading 0 native plugins for Editor in 0.00 ms.
Invoked RoslynAnalysisRunner static constructor.
RoslynAnalysisRunner will not be running.
RoslynAnalysisRunner has terminated.
Mono: successfully reloaded assembly
- Completed reload, in  0.718 seconds
Platform modules already initialized, skipping
Registering precompiled user dll's ...
Registered in 0.000421 seconds.
Begin MonoManager ReloadAssembly
Native extension for WindowsStandalone target not found
Refreshing native plugins compatible for Editor in 0.15 ms, found 0 plugins.
Preloading 0 native plugins for Editor in 0.00 ms.
Invoked RoslynAnalysisRunner static constructor.
RoslynAnalysisRunner will not be running.
RoslynAnalysisRunner has terminated.
Mono: successfully reloaded assembly
- Completed reload, in  0.577 seconds
Platform modules already initialized, skipping
========================================================================
Worker process is ready to serve import requests
Launched and connected shader compiler UnityShaderCompiler.exe after 0.04 seconds
Refreshing native plugins compatible for Editor in 0.15 ms, found 0 plugins.
Preloading 0 native plugins for Editor in 0.00 ms.
Unloading 952 Unused Serialized files (Serialized files now loaded: 0)
System memory in use before: 52.4 MB.
System memory in use after: 52.5 MB.

Unloading 8 unused Assets to reduce memory usage. Loaded Objects now: 1395.
Total: 1.143700 ms (FindLiveObjects: 0.110000 ms CreateObjectMapping: 0.031500 ms MarkObjects: 0.954900 ms  DeleteObjects: 0.046400 ms)

========================================================================
Received Import Request.
  path: Packages/com.unity.ide.rider/package.json
  artifactKey: Guid(66c95bb3c74257f41bae2622511dc02d) Importer(815301076,1909f56bfc062723c751e8b465ee728b)
Start importing Packages/com.unity.ide.rider/package.json using Guid(66c95bb3c74257f41bae2622511dc02d) Importer(815301076,1909f56bfc062723c751e8b465ee728b)  -> (artifact id: '233108767b2f995a541ddee7a7b40030') in 0.033643 seconds
  Import took 0.034967 seconds .

========================================================================
Received Import Request.
  Time since last request: 5.835661 seconds.
  path: Assets/Scenes/Game.unity
  artifactKey: Guid(d788556aca5e5f846b16fc7ceb027617) Importer(815301076,1909f56bfc062723c751e8b465ee728b)
Start importing Assets/Scenes/Game.unity using Guid(d788556aca5e5f846b16fc7ceb027617) Importer(815301076,1909f56bfc062723c751e8b465ee728b)  -> (artifact id: '24a0397b610cd7cdc1edfe60bcf94cc0') in 0.004623 seconds
  Import took 0.006147 seconds .

========================================================================
Received Import Request.
  Time since last request: 0.000427 seconds.
  path: Assets/Scenes/Game.unity
  artifactKey: Guid(d788556aca5e5f846b16fc7ceb027617) Importer(815301076,1909f56bfc062723c751e8b465ee728b)
Start importing Assets/Scenes/Game.unity using Guid(d788556aca5e5f846b16fc7ceb027617) Importer(815301076,1909f56bfc062723c751e8b465ee728b)  -> (artifact id: '24a0397b610cd7cdc1edfe60bcf94cc0') in 0.001419 seconds
  Import took 0.002750 seconds .

========================================================================
Received Import Request.
  Time since last request: 12.873800 seconds.
  path: Assets/Resources/States/Main.prefab
  artifactKey: Guid(4f6ca43054e243c4495726e79a731564) Importer(815301076,1909f56bfc062723c751e8b465ee728b)
Start importing Assets/Resources/States/Main.prefab using Guid(4f6ca43054e243c4495726e79a731564) Importer(815301076,1909f56bfc062723c751e8b465ee728b)  -> (artifact id: '636c43aae8ff0924f77b96c710ac9596') in 0.029955 seconds
  Import took 0.031480 seconds .

========================================================================
Received Import Request.
  Time since last request: 0.000138 seconds.
  path: Assets/Resources/States/Popup_Panel.prefab
  artifactKey: Guid(5f1cdcfec31ca8d4d800b5c492827250) Importer(815301076,1909f56bfc062723c751e8b465ee728b)
Start importing Assets/Resources/States/Popup_Panel.prefab using Guid(5f1cdcfec31ca8d4d800b5c492827250) Importer(815301076,1909f56bfc062723c751e8b465ee728b)  -> (artifact id: '55579688fde449aa937613fd5c9b1031') in 0.006822 seconds
  Import took 0.008186 seconds .

========================================================================
Received Import Request.
  Time since last request: 85.272509 seconds.
  path: Assets/Media/Sprites/Funtory_Buttons.psd
  artifactKey: Guid(d4d2174ed5ec5fc4f8bfcbd821cb6bad) Importer(815301076,1909f56bfc062723c751e8b465ee728b)
Start importing Assets/Media/Sprites/Funtory_Buttons.psd using Guid(d4d2174ed5ec5fc4f8bfcbd821cb6bad) Importer(815301076,1909f56bfc062723c751e8b465ee728b)  -> (artifact id: '8261183cb39695e8de05975c5bfb94c9') in 0.119132 seconds
  Import took 0.120938 seconds .

========================================================================
Received Import Request.
  Time since last request: 17.983610 seconds.
  path: Assets/Media/Models/Characters/BasicCharacter/basicCharacter.fbx
  artifactKey: Guid(6eb7ca45bad06dd47aa90c975c710204) Importer(815301076,1909f56bfc062723c751e8b465ee728b)
Start importing Assets/Media/Models/Characters/BasicCharacter/basicCharacter.fbx using Guid(6eb7ca45bad06dd47aa90c975c710204) Importer(815301076,1909f56bfc062723c751e8b465ee728b)  -> (artifact id: '397387d7cb734312dddbdd94f3d62f19') in 0.362916 seconds
  Import took 0.364552 seconds .

========================================================================
Received Import Request.
  Time since last request: 0.000134 seconds.
  path: Assets/Media/Models/Characters/BasicCharacter/Prefab.prefab
  artifactKey: Guid(d58f53a2814e5fc4899f5b00e9bfdea7) Importer(815301076,1909f56bfc062723c751e8b465ee728b)
Start importing Assets/Media/Models/Characters/BasicCharacter/Prefab.prefab using Guid(d58f53a2814e5fc4899f5b00e9bfdea7) Importer(815301076,1909f56bfc062723c751e8b465ee728b)  -> (artifact id: 'db63c64d92f90f4218b37584ed2277b3') in 0.016573 seconds
  Import took 0.018189 seconds .

========================================================================
Received Import Request.
  Time since last request: 10.968461 seconds.
  path: Assets/Media/Models/Characters/BasicCharacter/Materials/CharacterMaterial.mat
  artifactKey: Guid(cdcd43459320e644bb3272a9c68eb44e) Importer(815301076,1909f56bfc062723c751e8b465ee728b)
Start importing Assets/Media/Models/Characters/BasicCharacter/Materials/CharacterMaterial.mat using Guid(cdcd43459320e644bb3272a9c68eb44e) Importer(815301076,1909f56bfc062723c751e8b465ee728b)  -> (artifact id: '0ccd43bdf6edbc88b3bfc7490c4cb701') in 0.024082 seconds
  Import took 0.025648 seconds .

========================================================================
Received Import Request.
  Time since last request: 2.306399 seconds.
  path: Assets/Media/Models/Characters/BasicCharacter/Materials/Textures/skin_adventurer.png
  artifactKey: Guid(afe10818761183b4c9457f38bd18d9f6) Importer(815301076,1909f56bfc062723c751e8b465ee728b)
Start importing Assets/Media/Models/Characters/BasicCharacter/Materials/Textures/skin_adventurer.png using Guid(afe10818761183b4c9457f38bd18d9f6) Importer(815301076,1909f56bfc062723c751e8b465ee728b)  -> (artifact id: 'a9d186bc4e0e956dbd6d7e55022f782d') in 0.016733 seconds
  Import took 0.018152 seconds .

========================================================================
Received Import Request.
  Time since last request: 0.000128 seconds.
  path: Assets/Media/Models/Characters/BasicCharacter/Materials/Textures/skin_manAlternative.png
  artifactKey: Guid(eb46c11122a21fa44bc225ebd9a1b730) Importer(815301076,1909f56bfc062723c751e8b465ee728b)
Start importing Assets/Media/Models/Characters/BasicCharacter/Materials/Textures/skin_manAlternative.png using Guid(eb46c11122a21fa44bc225ebd9a1b730) Importer(815301076,1909f56bfc062723c751e8b465ee728b)  -> (artifact id: '58ec99bdd3d0cc04497e3cd821c6c395') in 0.008110 seconds
  Import took 0.009551 seconds .

========================================================================
Received Import Request.
  Time since last request: 0.000135 seconds.
  path: Assets/Media/Models/Characters/BasicCharacter/Materials/Textures/skin_robot.png
  artifactKey: Guid(186c859bbb672264b89298aefe1c28af) Importer(815301076,1909f56bfc062723c751e8b465ee728b)
Start importing Assets/Media/Models/Characters/BasicCharacter/Materials/Textures/skin_robot.png using Guid(186c859bbb672264b89298aefe1c28af) Importer(815301076,1909f56bfc062723c751e8b465ee728b)  -> (artifact id: '8e19f500d9451f67dc5dfb189be9dc0e') in 0.009710 seconds
  Import took 0.011133 seconds .

========================================================================
Received Import Request.
  Time since last request: 0.000148 seconds.
  path: Assets/Media/Models/Characters/BasicCharacter/Materials/Textures/skin_womanAlternative.png
  artifactKey: Guid(decc337568bdc60489905881e087be20) Importer(815301076,1909f56bfc062723c751e8b465ee728b)
Start importing Assets/Media/Models/Characters/BasicCharacter/Materials/Textures/skin_womanAlternative.png using Guid(decc337568bdc60489905881e087be20) Importer(815301076,1909f56bfc062723c751e8b465ee728b)  -> (artifact id: '760f0c4a16490c06aacec89e44ee3ac2') in 0.013536 seconds
  Import took 0.015207 seconds .

========================================================================
Received Import Request.
  Time since last request: 0.000184 seconds.
  path: Assets/Media/Models/Characters/BasicCharacter/Materials/Textures/skin_woman.png
  artifactKey: Guid(f86bde75d01a15e4186b5ad562398f22) Importer(815301076,1909f56bfc062723c751e8b465ee728b)
Start importing Assets/Media/Models/Characters/BasicCharacter/Materials/Textures/skin_woman.png using Guid(f86bde75d01a15e4186b5ad562398f22) Importer(815301076,1909f56bfc062723c751e8b465ee728b)  -> (artifact id: 'ffadf083a10362d8d72038caf4a2c477') in 0.014912 seconds
  Import took 0.016476 seconds .

========================================================================
Received Import Request.
  Time since last request: 0.000144 seconds.
  path: Assets/Media/Models/Characters/BasicCharacter/Materials/Textures/skin_orc.png
  artifactKey: Guid(384e29de7860193469109fc11e39ea8d) Importer(815301076,1909f56bfc062723c751e8b465ee728b)
Start importing Assets/Media/Models/Characters/BasicCharacter/Materials/Textures/skin_orc.png using Guid(384e29de7860193469109fc11e39ea8d) Importer(815301076,1909f56bfc062723c751e8b465ee728b)  -> (artifact id: 'e1eda2eab8057346ee480b1cdc27ee6b') in 0.011751 seconds
  Import took 0.013137 seconds .

========================================================================
Received Import Request.
  Time since last request: 0.000134 seconds.
  path: Assets/Media/Models/Characters/BasicCharacter/Materials/Textures/skin_soldier.png
  artifactKey: Guid(7087b8191b70c214b8a69a601a1e9010) Importer(815301076,1909f56bfc062723c751e8b465ee728b)
Start importing Assets/Media/Models/Characters/BasicCharacter/Materials/Textures/skin_soldier.png using Guid(7087b8191b70c214b8a69a601a1e9010) Importer(815301076,1909f56bfc062723c751e8b465ee728b)  -> (artifact id: 'a2460cffadd8e6d21b6815159fdba8ec') in 0.009671 seconds
  Import took 0.011138 seconds .

========================================================================
Received Import Request.
  Time since last request: 0.000133 seconds.
  path: Assets/Media/Models/Characters/BasicCharacter/Materials/Textures/skin_man.png
  artifactKey: Guid(d175ffe5a3b87fb4bac15ac75e680524) Importer(815301076,1909f56bfc062723c751e8b465ee728b)
Start importing Assets/Media/Models/Characters/BasicCharacter/Materials/Textures/skin_man.png using Guid(d175ffe5a3b87fb4bac15ac75e680524) Importer(815301076,1909f56bfc062723c751e8b465ee728b)  -> (artifact id: 'dae1e8a8d13591f139d89ed86c53a1fb') in 0.010675 seconds
  Import took 0.012093 seconds .

========================================================================
Received Import Request.
  Time since last request: 0.007137 seconds.
  path: Assets/Media/Models/Characters/BasicCharacter/Materials/Textures/skin_soldier.png
  artifactKey: Guid(7087b8191b70c214b8a69a601a1e9010) Importer(815301076,1909f56bfc062723c751e8b465ee728b)
Start importing Assets/Media/Models/Characters/BasicCharacter/Materials/Textures/skin_soldier.png using Guid(7087b8191b70c214b8a69a601a1e9010) Importer(815301076,1909f56bfc062723c751e8b465ee728b)  -> (artifact id: 'a2460cffadd8e6d21b6815159fdba8ec') in 0.011733 seconds
  Import took 0.013527 seconds .

========================================================================
Received Prepare
Registering precompiled user dll's ...
Registered in 0.000476 seconds.
Begin MonoManager ReloadAssembly
Native extension for WindowsStandalone target not found
Refreshing native plugins compatible for Editor in 0.15 ms, found 0 plugins.
Preloading 0 native plugins for Editor in 0.00 ms.
Invoked RoslynAnalysisRunner static constructor.
RoslynAnalysisRunner will not be running.
RoslynAnalysisRunner has terminated.
Mono: successfully reloaded assembly
- Completed reload, in  0.563 seconds
Platform modules already initialized, skipping
Refreshing native plugins compatible for Editor in 0.16 ms, found 0 plugins.
Preloading 0 native plugins for Editor in 0.00 ms.
Unloading 946 Unused Serialized files (Serialized files now loaded: 0)
System memory in use before: 70.2 MB.
System memory in use after: 70.3 MB.

Unloading 6 unused Assets to reduce memory usage. Loaded Objects now: 1503.
Total: 1.050100 ms (FindLiveObjects: 0.100400 ms CreateObjectMapping: 0.029800 ms MarkObjects: 0.900600 ms  DeleteObjects: 0.018600 ms)

========================================================================
Received Import Request.
  Time since last request: 342.538417 seconds.
  path: Assets/Media/Prefabs/Fences/Fence4x1.prefab
  artifactKey: Guid(f87d78eeb2a849f45ae33478632806f9) Importer(815301076,1909f56bfc062723c751e8b465ee728b)
Start importing Assets/Media/Prefabs/Fences/Fence4x1.prefab using Guid(f87d78eeb2a849f45ae33478632806f9) Importer(815301076,1909f56bfc062723c751e8b465ee728b)  -> (artifact id: 'c2869a007973dc611b8363774faad857') in 0.044715 seconds
  Import took 0.046616 seconds .

========================================================================
Received Import Request.
  Time since last request: 0.000135 seconds.
  path: Assets/Media/Prefabs/Fences/Fence4x1WithDoor.prefab
  artifactKey: Guid(2362c54e79ffccc4aa2b529533a91653) Importer(815301076,1909f56bfc062723c751e8b465ee728b)
Start importing Assets/Media/Prefabs/Fences/Fence4x1WithDoor.prefab using Guid(2362c54e79ffccc4aa2b529533a91653) Importer(815301076,1909f56bfc062723c751e8b465ee728b)  -> (artifact id: 'f61a29ee472cf0c0bc810c74783dc72a') in 0.008016 seconds
  Import took 0.009827 seconds .

========================================================================
Received Import Request.
  Time since last request: 40.695594 seconds.
  path: Assets/Media/Prefabs/UI Prefabs/UiClaimButton.prefab
  artifactKey: Guid(892410e362f0c7541be5b24f385034b3) Importer(815301076,1909f56bfc062723c751e8b465ee728b)
Start importing Assets/Media/Prefabs/UI Prefabs/UiClaimButton.prefab using Guid(892410e362f0c7541be5b24f385034b3) Importer(815301076,1909f56bfc062723c751e8b465ee728b)  -> (artifact id: '6aa42b547b7e8d13e104a2c94658302f') in 0.017803 seconds
  Import took 0.019267 seconds .

========================================================================
Received Import Request.
  Time since last request: 0.000140 seconds.
  path: Assets/Media/Prefabs/UI Prefabs/UiMenuButton.prefab
  artifactKey: Guid(ec83c875f6c8a434daaaa23e0e658c42) Importer(815301076,1909f56bfc062723c751e8b465ee728b)
Start importing Assets/Media/Prefabs/UI Prefabs/UiMenuButton.prefab using Guid(ec83c875f6c8a434daaaa23e0e658c42) Importer(815301076,1909f56bfc062723c751e8b465ee728b)  -> (artifact id: '2d87df46bb607e9dcc408769a694dd5e') in 0.005665 seconds
  Import took 0.007320 seconds .

========================================================================
Received Import Request.
  Time since last request: 0.000140 seconds.
  path: Assets/Media/Prefabs/UI Prefabs/UiCoinButton.prefab
  artifactKey: Guid(fe901ede866c9db4889b12704d02d692) Importer(815301076,1909f56bfc062723c751e8b465ee728b)
Start importing Assets/Media/Prefabs/UI Prefabs/UiCoinButton.prefab using Guid(fe901ede866c9db4889b12704d02d692) Importer(815301076,1909f56bfc062723c751e8b465ee728b)  -> (artifact id: '7f4690671266aa93f36e07be7b6479ac') in 0.005843 seconds
  Import took 0.007270 seconds .

========================================================================
Received Import Request.
  Time since last request: 35.022658 seconds.
  path: Assets/Media/Prefabs/UI Prefabs/UiClaimButton.prefab
  artifactKey: Guid(892410e362f0c7541be5b24f385034b3) Importer(815301076,1909f56bfc062723c751e8b465ee728b)
Start importing Assets/Media/Prefabs/UI Prefabs/UiClaimButton.prefab using Guid(892410e362f0c7541be5b24f385034b3) Importer(815301076,1909f56bfc062723c751e8b465ee728b)  -> (artifact id: '98a7fa9a9c0cd407bc20ba4663f5626f') in 0.002986 seconds
  Import took 0.004561 seconds .

========================================================================
Received Import Request.
  Time since last request: 0.000152 seconds.
  path: Assets/Media/Prefabs/UI Prefabs/UiCoinButton.prefab
  artifactKey: Guid(fe901ede866c9db4889b12704d02d692) Importer(815301076,1909f56bfc062723c751e8b465ee728b)
Start importing Assets/Media/Prefabs/UI Prefabs/UiCoinButton.prefab using Guid(fe901ede866c9db4889b12704d02d692) Importer(815301076,1909f56bfc062723c751e8b465ee728b)  -> (artifact id: '8131243fae6dcec313d78912bc126b57') in 0.002772 seconds
  Import took 0.004210 seconds .

========================================================================
Received Import Request.
  Time since last request: 11.422540 seconds.
  path: Assets/Media/Models/Tools/Shovel/Materials/_defaultMat.mat
  artifactKey: Guid(71a3470fd5fa553449fd63df29992663) Importer(815301076,1909f56bfc062723c751e8b465ee728b)
Start importing Assets/Media/Models/Tools/Shovel/Materials/_defaultMat.mat using Guid(71a3470fd5fa553449fd63df29992663) Importer(815301076,1909f56bfc062723c751e8b465ee728b)  -> (artifact id: '6ccc3eb97c98997ad4597ea0ddb579a3') in 0.018218 seconds
  Import took 0.019855 seconds .

========================================================================
Received Import Request.
  Time since last request: 0.000155 seconds.
  path: Assets/Media/Models/Props/Barrel/barrel.fbx
  artifactKey: Guid(1c0adb10a7e5fbb43bca98f0c9966045) Importer(815301076,1909f56bfc062723c751e8b465ee728b)
Start importing Assets/Media/Models/Props/Barrel/barrel.fbx using Guid(1c0adb10a7e5fbb43bca98f0c9966045) Importer(815301076,1909f56bfc062723c751e8b465ee728b)  -> (artifact id: '717ba0f27f2211bbb60971e69f730951') in 0.030988 seconds
  Import took 0.032552 seconds .

========================================================================
Received Import Request.
  Time since last request: 0.000134 seconds.
  path: Assets/Media/Models/Tools/Shovel/Materials/_defaultMat.mat
  artifactKey: Guid(71a3470fd5fa553449fd63df29992663) Importer(815301076,1909f56bfc062723c751e8b465ee728b)
Start importing Assets/Media/Models/Tools/Shovel/Materials/_defaultMat.mat using Guid(71a3470fd5fa553449fd63df29992663) Importer(815301076,1909f56bfc062723c751e8b465ee728b)  -> (artifact id: '6ccc3eb97c98997ad4597ea0ddb579a3') in 0.005299 seconds
  Import took 0.006888 seconds .

========================================================================
Received Import Request.
  Time since last request: 0.000183 seconds.
  path: Assets/Media/Models/Props/WorkBench/Materials/_defaultMat.mat
  artifactKey: Guid(35cb4ebf72529304a929d2fb8aaa4118) Importer(815301076,1909f56bfc062723c751e8b465ee728b)
Start importing Assets/Media/Models/Props/WorkBench/Materials/_defaultMat.mat using Guid(35cb4ebf72529304a929d2fb8aaa4118) Importer(815301076,1909f56bfc062723c751e8b465ee728b)  -> (artifact id: '832631da27bac21ed35cf1290b6c6033') in 0.004863 seconds
  Import took 0.006692 seconds .

========================================================================
Received Import Request.
  Time since last request: 5.022021 seconds.
  path: Assets/Media/Models/Props/Box/box.fbx
  artifactKey: Guid(abe0433c0799f7a499b9c32a80ec92fd) Importer(815301076,1909f56bfc062723c751e8b465ee728b)
Start importing Assets/Media/Models/Props/Box/box.fbx using Guid(abe0433c0799f7a499b9c32a80ec92fd) Importer(815301076,1909f56bfc062723c751e8b465ee728b)  -> (artifact id: '984578e12b2474c03afe90592935b848') in 0.011688 seconds
  Import took 0.013180 seconds .

========================================================================
Received Import Request.
  Time since last request: 2.023568 seconds.
  path: Assets/Media/Models/Props/CampFire/campfire.fbx
  artifactKey: Guid(11df41b73baf397449bda289d3d1f076) Importer(815301076,1909f56bfc062723c751e8b465ee728b)
Start importing Assets/Media/Models/Props/CampFire/campfire.fbx using Guid(11df41b73baf397449bda289d3d1f076) Importer(815301076,1909f56bfc062723c751e8b465ee728b)  -> (artifact id: '7f9fd287438aad6d3b69f49a2037986a') in 0.039889 seconds
  Import took 0.042892 seconds .

========================================================================
Received Import Request.
  Time since last request: 0.962307 seconds.
  path: Assets/Media/Models/Props/Camp/camp.fbx
  artifactKey: Guid(7bf1658895148d34eb8063ddcf935517) Importer(815301076,1909f56bfc062723c751e8b465ee728b)
Start importing Assets/Media/Models/Props/Camp/camp.fbx using Guid(7bf1658895148d34eb8063ddcf935517) Importer(815301076,1909f56bfc062723c751e8b465ee728b)  -> (artifact id: '53cb298b1ed4ab4064f1c5669cfb6254') in 0.012556 seconds
  Import took 0.014164 seconds .

========================================================================
Received Import Request.
  Time since last request: 1.329706 seconds.
  path: Assets/Media/Models/Props/Barrel/Materials/cloth.mat
  artifactKey: Guid(e1cf93be2a7bcd249930ad5e386f87e8) Importer(815301076,1909f56bfc062723c751e8b465ee728b)
Start importing Assets/Media/Models/Props/Barrel/Materials/cloth.mat using Guid(e1cf93be2a7bcd249930ad5e386f87e8) Importer(815301076,1909f56bfc062723c751e8b465ee728b)  -> (artifact id: 'ccd84b609a72a00398f562e678598378') in 0.007436 seconds
  Import took 0.009167 seconds .

========================================================================
Received Import Request.
  Time since last request: 0.000136 seconds.
  path: Assets/Media/Models/Props/Camp/Materials/cloth.mat
  artifactKey: Guid(02ac7d6db766bde4aa969c2a2740a573) Importer(815301076,1909f56bfc062723c751e8b465ee728b)
Start importing Assets/Media/Models/Props/Camp/Materials/cloth.mat using Guid(02ac7d6db766bde4aa969c2a2740a573) Importer(815301076,1909f56bfc062723c751e8b465ee728b)  -> (artifact id: 'a90edda540a3ddbc435f5bc52324daf3') in 0.007874 seconds
  Import took 0.009571 seconds .

========================================================================
Received Import Request.
  Time since last request: 0.072398 seconds.
  path: Assets/Media/Models/Props/Tent/Materials/cloth.mat
  artifactKey: Guid(81cf11f5d50399c4681bb1f90466090f) Importer(815301076,1909f56bfc062723c751e8b465ee728b)
Start importing Assets/Media/Models/Props/Tent/Materials/cloth.mat using Guid(81cf11f5d50399c4681bb1f90466090f) Importer(815301076,1909f56bfc062723c751e8b465ee728b)  -> (artifact id: 'ac0acd26e7344ce7978311e717713ffd') in 0.008044 seconds
  Import took 0.009638 seconds .

========================================================================
Received Import Request.
  Time since last request: 0.691571 seconds.
  path: Assets/Media/Models/Props/Fence/fence.fbx
  artifactKey: Guid(113ae90b53e81954da9ca4a6ee0e5846) Importer(815301076,1909f56bfc062723c751e8b465ee728b)
Start importing Assets/Media/Models/Props/Fence/fence.fbx using Guid(113ae90b53e81954da9ca4a6ee0e5846) Importer(815301076,1909f56bfc062723c751e8b465ee728b)  -> (artifact id: 'fbfaca5251ab7cc301a18cc51387b5da') in 0.011557 seconds
  Import took 0.013038 seconds .

========================================================================
Received Import Request.
  Time since last request: 0.437557 seconds.
  path: Assets/Media/Models/Props/FenceFortified/fenceFortified.fbx
  artifactKey: Guid(1cb0cdb363597694997f3e8790164ea3) Importer(815301076,1909f56bfc062723c751e8b465ee728b)
Start importing Assets/Media/Models/Props/FenceFortified/fenceFortified.fbx using Guid(1cb0cdb363597694997f3e8790164ea3) Importer(815301076,1909f56bfc062723c751e8b465ee728b)  -> (artifact id: '93f8066a8d39765709cc7e8bf423d187') in 0.011899 seconds
  Import took 0.013492 seconds .

========================================================================
Received Import Request.
  Time since last request: 0.347017 seconds.
  path: Assets/Media/Models/Props/Floor/floor.fbx
  artifactKey: Guid(5bd7069a48b5531468fd2a93b03add7b) Importer(815301076,1909f56bfc062723c751e8b465ee728b)
Start importing Assets/Media/Models/Props/Floor/floor.fbx using Guid(5bd7069a48b5531468fd2a93b03add7b) Importer(815301076,1909f56bfc062723c751e8b465ee728b)  -> (artifact id: 'b2ebb1fc33ca3c6d249a21e523ccdef4') in 0.016852 seconds
  Import took 0.018955 seconds .

========================================================================
Received Import Request.
  Time since last request: 0.023002 seconds.
  path: Assets/Media/Models/Props/Trees/LargTree/Materials/foliage.mat
  artifactKey: Guid(2f10841b468b97245b704624fc392075) Importer(815301076,1909f56bfc062723c751e8b465ee728b)
Start importing Assets/Media/Models/Props/Trees/LargTree/Materials/foliage.mat using Guid(2f10841b468b97245b704624fc392075) Importer(815301076,1909f56bfc062723c751e8b465ee728b)  -> (artifact id: 'c2eb4c5387bb637fa066351d485fc58a') in 0.009550 seconds
  Import took 0.011179 seconds .

========================================================================
Received Import Request.
  Time since last request: 0.296744 seconds.
  path: Assets/Media/Models/Props/Trees/BasicTree/Materials/foliage.mat
  artifactKey: Guid(81844526c84d2864ebbd6e172fccc52a) Importer(815301076,1909f56bfc062723c751e8b465ee728b)
Start importing Assets/Media/Models/Props/Trees/BasicTree/Materials/foliage.mat using Guid(81844526c84d2864ebbd6e172fccc52a) Importer(815301076,1909f56bfc062723c751e8b465ee728b)  -> (artifact id: '17a0355364284f586025b6eba8bd3b27') in 0.012556 seconds
  Import took 0.015171 seconds .

========================================================================
Received Import Request.
  Time since last request: 0.000134 seconds.
  path: Assets/Media/Models/Props/Grass/foliage.mat
  artifactKey: Guid(50900a5b8835aa649822cbab3ee4cf13) Importer(815301076,1909f56bfc062723c751e8b465ee728b)
Start importing Assets/Media/Models/Props/Grass/foliage.mat using Guid(50900a5b8835aa649822cbab3ee4cf13) Importer(815301076,1909f56bfc062723c751e8b465ee728b)  -> (artifact id: '971d472f10671f8d0f6363b3af41f4e5') in 0.008346 seconds
  Import took 0.009688 seconds .

========================================================================
Received Import Request.
  Time since last request: 0.000130 seconds.
  path: Assets/Media/Models/Props/Trees/BasicTree/Materials/foliage.mat
  artifactKey: Guid(81844526c84d2864ebbd6e172fccc52a) Importer(815301076,1909f56bfc062723c751e8b465ee728b)
Start importing Assets/Media/Models/Props/Trees/BasicTree/Materials/foliage.mat using Guid(81844526c84d2864ebbd6e172fccc52a) Importer(815301076,1909f56bfc062723c751e8b465ee728b)  -> (artifact id: '17a0355364284f586025b6eba8bd3b27') in 0.010284 seconds
  Import took 0.011636 seconds .

========================================================================
Received Import Request.
  Time since last request: 0.000123 seconds.
  path: Assets/Media/Models/Props/Grass/foliage.mat
  artifactKey: Guid(50900a5b8835aa649822cbab3ee4cf13) Importer(815301076,1909f56bfc062723c751e8b465ee728b)
Start importing Assets/Media/Models/Props/Grass/foliage.mat using Guid(50900a5b8835aa649822cbab3ee4cf13) Importer(815301076,1909f56bfc062723c751e8b465ee728b)  -> (artifact id: '971d472f10671f8d0f6363b3af41f4e5') in 0.008128 seconds
  Import took 0.009494 seconds .

========================================================================
Received Import Request.
  Time since last request: 0.005969 seconds.
  path: Assets/Media/Models/Props/Trees/BigLarg/Material/foliageFall.mat
  artifactKey: Guid(945f1c982ae6f9749bd18c42d60b81f4) Importer(815301076,1909f56bfc062723c751e8b465ee728b)
Start importing Assets/Media/Models/Props/Trees/BigLarg/Material/foliageFall.mat using Guid(945f1c982ae6f9749bd18c42d60b81f4) Importer(815301076,1909f56bfc062723c751e8b465ee728b)  -> (artifact id: 'c64af2e5cf55aac23f6e1428a1bac616') in 0.008779 seconds
  Import took 0.010451 seconds .

========================================================================
Received Import Request.
  Time since last request: 0.000140 seconds.
  path: Assets/Media/Models/Props/Trees/FallTree/Materials/foliageFall.mat
  artifactKey: Guid(f141e7c86f85cd345a23ab52f025986d) Importer(815301076,1909f56bfc062723c751e8b465ee728b)
Start importing Assets/Media/Models/Props/Trees/FallTree/Materials/foliageFall.mat using Guid(f141e7c86f85cd345a23ab52f025986d) Importer(815301076,1909f56bfc062723c751e8b465ee728b)  -> (artifact id: '833a4f867e2e9bd4539ae3e78ef9836a') in 0.007726 seconds
  Import took 0.009092 seconds .

========================================================================
Received Import Request.
  Time since last request: 0.000461 seconds.
  path: Assets/Media/Models/Props/Trees/FallTree/Materials/foliageFall.mat
  artifactKey: Guid(f141e7c86f85cd345a23ab52f025986d) Importer(815301076,1909f56bfc062723c751e8b465ee728b)
Start importing Assets/Media/Models/Props/Trees/FallTree/Materials/foliageFall.mat using Guid(f141e7c86f85cd345a23ab52f025986d) Importer(815301076,1909f56bfc062723c751e8b465ee728b)  -> (artifact id: '833a4f867e2e9bd4539ae3e78ef9836a') in 0.007863 seconds
  Import took 0.009487 seconds .

========================================================================
Received Import Request.
  Time since last request: 8.782626 seconds.
  path: Assets/Media/Models/Props/Grass/grass.fbx
  artifactKey: Guid(4cc5be90d91a61b4581929f5845c9499) Importer(815301076,1909f56bfc062723c751e8b465ee728b)
Start importing Assets/Media/Models/Props/Grass/grass.fbx using Guid(4cc5be90d91a61b4581929f5845c9499) Importer(815301076,1909f56bfc062723c751e8b465ee728b)  -> (artifact id: '18676255a9d5bc234455d8e91ca24030') in 0.010530 seconds
  Import took 0.012042 seconds .

========================================================================
Received Import Request.
  Time since last request: 0.027204 seconds.
  path: Assets/Media/Prefabs/GrassPack.prefab
  artifactKey: Guid(19f2c6464ca30be448927d317e320d91) Importer(815301076,1909f56bfc062723c751e8b465ee728b)
Start importing Assets/Media/Prefabs/GrassPack.prefab using Guid(19f2c6464ca30be448927d317e320d91) Importer(815301076,1909f56bfc062723c751e8b465ee728b)  -> (artifact id: 'd020a93501c417dc3e476a6d665a3ebd') in 0.008273 seconds
  Import took 0.009798 seconds .

========================================================================
Received Import Request.
  Time since last request: 0.535920 seconds.
  path: Assets/Media/SharedMaterials/Ground/GroundGreen.mat
  artifactKey: Guid(37737ba00104a9f469594dbe5de515f9) Importer(815301076,1909f56bfc062723c751e8b465ee728b)
Start importing Assets/Media/SharedMaterials/Ground/GroundGreen.mat using Guid(37737ba00104a9f469594dbe5de515f9) Importer(815301076,1909f56bfc062723c751e8b465ee728b)  -> (artifact id: '26fa188617cdb4d7a81d389460da787d') in 0.011026 seconds
  Import took 0.013048 seconds .

========================================================================
Received Import Request.
  Time since last request: 0.382297 seconds.
  path: Assets/Media/Models/Props/WorkBench/workbenchAnvil.fbx
  artifactKey: Guid(fac8302b541a965429adbba91f5da5ea) Importer(815301076,1909f56bfc062723c751e8b465ee728b)
Start importing Assets/Media/Models/Props/WorkBench/workbenchAnvil.fbx using Guid(fac8302b541a965429adbba91f5da5ea) Importer(815301076,1909f56bfc062723c751e8b465ee728b)  -> (artifact id: '73342b0269b3feaee550cdb47b3fd376') in 0.018996 seconds
  Import took 0.020504 seconds .

========================================================================
Received Import Request.
  Time since last request: 1.919119 seconds.
  path: Assets/Media/Models/Props/Barrel/Materials/metal.mat
  artifactKey: Guid(637e7adfbeb30ff4ba8cf397e569b7c4) Importer(815301076,1909f56bfc062723c751e8b465ee728b)
Start importing Assets/Media/Models/Props/Barrel/Materials/metal.mat using Guid(637e7adfbeb30ff4ba8cf397e569b7c4) Importer(815301076,1909f56bfc062723c751e8b465ee728b)  -> (artifact id: 'b2da001f51b9339f1a3c57f97606a6c3') in 0.008902 seconds
  Import took 0.010627 seconds .

========================================================================
Received Import Request.
  Time since last request: 0.000143 seconds.
  path: Assets/Media/Models/Tools/Axe/Materials/metal.mat
  artifactKey: Guid(78404368c893e0d4ca95cc13e7aed195) Importer(815301076,1909f56bfc062723c751e8b465ee728b)
Start importing Assets/Media/Models/Tools/Axe/Materials/metal.mat using Guid(78404368c893e0d4ca95cc13e7aed195) Importer(815301076,1909f56bfc062723c751e8b465ee728b)  -> (artifact id: '94a07569505a193017e89f45568ca2fd') in 0.008289 seconds
  Import took 0.009577 seconds .

========================================================================
Received Import Request.
  Time since last request: 0.319672 seconds.
  path: Assets/Media/Models/Tools/Shovel/Materials/metal.mat
  artifactKey: Guid(5a133999d9ff1fe4b8e376f585230d50) Importer(815301076,1909f56bfc062723c751e8b465ee728b)
Start importing Assets/Media/Models/Tools/Shovel/Materials/metal.mat using Guid(5a133999d9ff1fe4b8e376f585230d50) Importer(815301076,1909f56bfc062723c751e8b465ee728b)  -> (artifact id: 'de20c7555d99100fadaa7c4c88151aee') in 0.008799 seconds
  Import took 0.010222 seconds .

========================================================================
Received Import Request.
  Time since last request: 0.000131 seconds.
  path: Assets/Media/Models/Props/WorkBench/Materials/metal.mat
  artifactKey: Guid(d3fad1dcb9e67ee46a04fcf244c5bae9) Importer(815301076,1909f56bfc062723c751e8b465ee728b)
Start importing Assets/Media/Models/Props/WorkBench/Materials/metal.mat using Guid(d3fad1dcb9e67ee46a04fcf244c5bae9) Importer(815301076,1909f56bfc062723c751e8b465ee728b)  -> (artifact id: 'c44d8b19c4e46485608e79cdaac9b7f9') in 0.007682 seconds
  Import took 0.009148 seconds .

========================================================================
Received Import Request.
  Time since last request: 0.030804 seconds.
  path: Assets/Resources/States/Popup_Panel.prefab
  artifactKey: Guid(5f1cdcfec31ca8d4d800b5c492827250) Importer(815301076,1909f56bfc062723c751e8b465ee728b)
Start importing Assets/Resources/States/Popup_Panel.prefab using Guid(5f1cdcfec31ca8d4d800b5c492827250) Importer(815301076,1909f56bfc062723c751e8b465ee728b)  -> (artifact id: '59b02d1f72847f15007f0006a2facece') in 0.004138 seconds
  Import took 0.005651 seconds .

========================================================================
Received Import Request.
  Time since last request: 0.021558 seconds.
  path: Assets/Media/Models/Tools/Shovel/Prefab.prefab
  artifactKey: Guid(e3ce3d214b02c5a4192a042447dbc90a) Importer(815301076,1909f56bfc062723c751e8b465ee728b)
Start importing Assets/Media/Models/Tools/Shovel/Prefab.prefab using Guid(e3ce3d214b02c5a4192a042447dbc90a) Importer(815301076,1909f56bfc062723c751e8b465ee728b)  -> (artifact id: 'a0ab793ff6d4f204ab7e786dff49b63e') in 0.007419 seconds
  Import took 0.008953 seconds .

========================================================================
Received Import Request.
  Time since last request: 0.000140 seconds.
  path: Assets/Media/Models/Props/Rocks/RockC/Prefab.prefab
  artifactKey: Guid(535dc77eac0c01749b6dd322e32976e3) Importer(815301076,1909f56bfc062723c751e8b465ee728b)
Start importing Assets/Media/Models/Props/Rocks/RockC/Prefab.prefab using Guid(535dc77eac0c01749b6dd322e32976e3) Importer(815301076,1909f56bfc062723c751e8b465ee728b)  -> (artifact id: '1bd5c9956a3d170ac40da2619abdfe06') in 0.007945 seconds
  Import took 0.009423 seconds .

========================================================================
Received Import Request.
  Time since last request: 0.294983 seconds.
  path: Assets/Media/Models/Props/Box/Prefab.prefab
  artifactKey: Guid(b9afac104de49df429c90bfb58187b19) Importer(815301076,1909f56bfc062723c751e8b465ee728b)
Start importing Assets/Media/Models/Props/Box/Prefab.prefab using Guid(b9afac104de49df429c90bfb58187b19) Importer(815301076,1909f56bfc062723c751e8b465ee728b)  -> (artifact id: '8c8df42cf322c5a5ec41ec58637b3a1b') in 0.010001 seconds
  Import took 0.011925 seconds .

========================================================================
Received Import Request.
  Time since last request: 0.000137 seconds.
  path: Assets/Media/Models/Props/Trees/LargTree/Prefab.prefab
  artifactKey: Guid(f0823f77a3fe8564fa427fd1aaa56b24) Importer(815301076,1909f56bfc062723c751e8b465ee728b)
Start importing Assets/Media/Models/Props/Trees/LargTree/Prefab.prefab using Guid(f0823f77a3fe8564fa427fd1aaa56b24) Importer(815301076,1909f56bfc062723c751e8b465ee728b)  -> (artifact id: 'e48dcb05cb252ef7e31b1b21f9575f17') in 0.007943 seconds
  Import took 0.009354 seconds .

========================================================================
Received Import Request.
  Time since last request: 0.030138 seconds.
  path: Assets/Media/Models/Props/Barrel/Prefab.prefab
  artifactKey: Guid(dcfef626a3ff19f4986d5483b75e9a66) Importer(815301076,1909f56bfc062723c751e8b465ee728b)
Start importing Assets/Media/Models/Props/Barrel/Prefab.prefab using Guid(dcfef626a3ff19f4986d5483b75e9a66) Importer(815301076,1909f56bfc062723c751e8b465ee728b)  -> (artifact id: '54294d4022bd8a6bdaf42767afdeaa3f') in 0.007362 seconds
  Import took 0.008820 seconds .

========================================================================
Received Import Request.
  Time since last request: 0.000128 seconds.
  path: Assets/Media/Models/Props/Camp/Prefab.prefab
  artifactKey: Guid(45a75a743a289894cad7c163277716d9) Importer(815301076,1909f56bfc062723c751e8b465ee728b)
Start importing Assets/Media/Models/Props/Camp/Prefab.prefab using Guid(45a75a743a289894cad7c163277716d9) Importer(815301076,1909f56bfc062723c751e8b465ee728b)  -> (artifact id: '188417db92cdba5a71c791fa7cadb521') in 0.009100 seconds
  Import took 0.010461 seconds .

========================================================================
Received Import Request.
  Time since last request: 0.036263 seconds.
  path: Assets/Media/Models/Props/Rocks/RockFlat/Prefab.prefab
  artifactKey: Guid(dfc98ceffe0d9c743ac28a9397045eeb) Importer(815301076,1909f56bfc062723c751e8b465ee728b)
Start importing Assets/Media/Models/Props/Rocks/RockFlat/Prefab.prefab using Guid(dfc98ceffe0d9c743ac28a9397045eeb) Importer(815301076,1909f56bfc062723c751e8b465ee728b)  -> (artifact id: 'b9913c6d2381717b76ad67743b2b7efb') in 0.007082 seconds
  Import took 0.008545 seconds .

========================================================================
Received Import Request.
  Time since last request: 0.000133 seconds.
  path: Assets/Media/Models/Props/WorkBench/Prefab.prefab
  artifactKey: Guid(23bf4c2227efdce4b9bc57768f53eb1e) Importer(815301076,1909f56bfc062723c751e8b465ee728b)
Start importing Assets/Media/Models/Props/WorkBench/Prefab.prefab using Guid(23bf4c2227efdce4b9bc57768f53eb1e) Importer(815301076,1909f56bfc062723c751e8b465ee728b)  -> (artifact id: '30550ea371ed08e53663fb7bb1733f4e') in 0.008664 seconds
  Import took 0.010055 seconds .

========================================================================
Received Import Request.
  Time since last request: 0.314224 seconds.
  path: Assets/Media/Models/Props/Rocks/RockA/Prefab.prefab
  artifactKey: Guid(f4469626606293e43b48475d012803c2) Importer(815301076,1909f56bfc062723c751e8b465ee728b)
Start importing Assets/Media/Models/Props/Rocks/RockA/Prefab.prefab using Guid(f4469626606293e43b48475d012803c2) Importer(815301076,1909f56bfc062723c751e8b465ee728b)  -> (artifact id: 'de7acedaaa46edde56cbb4ed9f1d892f') in 0.157804 seconds
  Import took 0.159283 seconds .

========================================================================
Received Import Request.
  Time since last request: 0.000135 seconds.
  path: Assets/Media/Models/Props/Grass/Prefab.prefab
  artifactKey: Guid(4e534cd9f29abdb4095fd365238c91a2) Importer(815301076,1909f56bfc062723c751e8b465ee728b)
Start importing Assets/Media/Models/Props/Grass/Prefab.prefab using Guid(4e534cd9f29abdb4095fd365238c91a2) Importer(815301076,1909f56bfc062723c751e8b465ee728b)  -> (artifact id: '1c7ce27230cd020ce16420ec08b823ae') in 0.008067 seconds
  Import took 0.009608 seconds .

========================================================================
Received Import Request.
  Time since last request: 0.000134 seconds.
  path: Assets/Media/Models/Props/Tent/Prefab.prefab
  artifactKey: Guid(6b80ae0c3e6fe1e4a899c687bfb99f4c) Importer(815301076,1909f56bfc062723c751e8b465ee728b)
Start importing Assets/Media/Models/Props/Tent/Prefab.prefab using Guid(6b80ae0c3e6fe1e4a899c687bfb99f4c) Importer(815301076,1909f56bfc062723c751e8b465ee728b)  -> (artifact id: '33f0e1da6616941f9dc308154cedc712') in 0.005404 seconds
  Import took 0.006858 seconds .

========================================================================
Received Import Request.
  Time since last request: 0.000154 seconds.
  path: Assets/Media/Models/Props/SignPost/DoubleSignPost/Prefab.prefab
  artifactKey: Guid(a1a935d194d380c40801395b6dc373c6) Importer(815301076,1909f56bfc062723c751e8b465ee728b)
Start importing Assets/Media/Models/Props/SignPost/DoubleSignPost/Prefab.prefab using Guid(a1a935d194d380c40801395b6dc373c6) Importer(815301076,1909f56bfc062723c751e8b465ee728b)  -> (artifact id: '7adac88270895ed488ba36d3f7a5ac84') in 0.007584 seconds
  Import took 0.009338 seconds .

========================================================================
Received Import Request.
  Time since last request: 0.000137 seconds.
  path: Assets/Media/Models/Tools/Axe/Prefab.prefab
  artifactKey: Guid(1ff2786769c145b44b021e29592c9b23) Importer(815301076,1909f56bfc062723c751e8b465ee728b)
Start importing Assets/Media/Models/Tools/Axe/Prefab.prefab using Guid(1ff2786769c145b44b021e29592c9b23) Importer(815301076,1909f56bfc062723c751e8b465ee728b)  -> (artifact id: '9acbabe594a6bd0b5cc958a6676d1d3f') in 0.008434 seconds
  Import took 0.010164 seconds .

========================================================================
Received Import Request.
  Time since last request: 0.000138 seconds.
  path: Assets/Media/Models/Props/Trees/FallTree/Prefab.prefab
  artifactKey: Guid(87bbf173844479e428eb1857b7f7f0b6) Importer(815301076,1909f56bfc062723c751e8b465ee728b)
Start importing Assets/Media/Models/Props/Trees/FallTree/Prefab.prefab using Guid(87bbf173844479e428eb1857b7f7f0b6) Importer(815301076,1909f56bfc062723c751e8b465ee728b)  -> (artifact id: '44f41d29ed189cf9a301bc5fc73f76f8') in 0.009606 seconds
  Import took 0.011055 seconds .

========================================================================
Received Import Request.
  Time since last request: 0.216943 seconds.
  path: Assets/Media/Models/Props/Rocks/RockB/Prefab.prefab
  artifactKey: Guid(86fe80cd7a56817428ec532e9768d359) Importer(815301076,1909f56bfc062723c751e8b465ee728b)
Start importing Assets/Media/Models/Props/Rocks/RockB/Prefab.prefab using Guid(86fe80cd7a56817428ec532e9768d359) Importer(815301076,1909f56bfc062723c751e8b465ee728b)  -> (artifact id: 'ba7c12ceb8658156a536b7128aa5d67f') in 0.012252 seconds
  Import took 0.014656 seconds .

========================================================================
Received Import Request.
  Time since last request: 0.000206 seconds.
  path: Assets/Media/Models/Props/Trees/BasicTree/Prefab.prefab
  artifactKey: Guid(6390f3b8bf90e2d4d86ba260f5c209d3) Importer(815301076,1909f56bfc062723c751e8b465ee728b)
Start importing Assets/Media/Models/Props/Trees/BasicTree/Prefab.prefab using Guid(6390f3b8bf90e2d4d86ba260f5c209d3) Importer(815301076,1909f56bfc062723c751e8b465ee728b)  -> (artifact id: '42264f255c8d0cb2f11ffb61a217efa3') in 0.009376 seconds
  Import took 0.011001 seconds .

========================================================================
Received Import Request.
  Time since last request: 0.015190 seconds.
  path: Assets/Media/Models/Props/CampFire/Prefab.prefab
  artifactKey: Guid(4913e73292dfdbb4ea7325a0cf0999e2) Importer(815301076,1909f56bfc062723c751e8b465ee728b)
Start importing Assets/Media/Models/Props/CampFire/Prefab.prefab using Guid(4913e73292dfdbb4ea7325a0cf0999e2) Importer(815301076,1909f56bfc062723c751e8b465ee728b)  -> (artifact id: 'a9a450cc27352e84b1c441deaed1d868') in 0.009381 seconds
  Import took 0.010931 seconds .

========================================================================
Received Import Request.
  Time since last request: 0.000138 seconds.
  path: Assets/Media/Models/Props/Floor/Prefab.prefab
  artifactKey: Guid(7ea72821a7137ba48b6319e0ef87ade5) Importer(815301076,1909f56bfc062723c751e8b465ee728b)
Start importing Assets/Media/Models/Props/Floor/Prefab.prefab using Guid(7ea72821a7137ba48b6319e0ef87ade5) Importer(815301076,1909f56bfc062723c751e8b465ee728b)  -> (artifact id: 'de4931a5733005d5f2e13a3149e1be07') in 0.008253 seconds
  Import took 0.009668 seconds .

========================================================================
Received Import Request.
  Time since last request: 0.000277 seconds.
  path: Assets/Media/Models/Props/Floor/Prefab.prefab
  artifactKey: Guid(7ea72821a7137ba48b6319e0ef87ade5) Importer(815301076,1909f56bfc062723c751e8b465ee728b)
Start importing Assets/Media/Models/Props/Floor/Prefab.prefab using Guid(7ea72821a7137ba48b6319e0ef87ade5) Importer(815301076,1909f56bfc062723c751e8b465ee728b)  -> (artifact id: 'de4931a5733005d5f2e13a3149e1be07') in 0.005900 seconds
  Import took 0.007445 seconds .

========================================================================
Received Import Request.
  Time since last request: 0.027318 seconds.
  path: Assets/Media/Models/Props/SignPost/SingleSignPost/Prefab.prefab
  artifactKey: Guid(9b4c6786d6e02c3488192f14d9c82eb5) Importer(815301076,1909f56bfc062723c751e8b465ee728b)
Start importing Assets/Media/Models/Props/SignPost/SingleSignPost/Prefab.prefab using Guid(9b4c6786d6e02c3488192f14d9c82eb5) Importer(815301076,1909f56bfc062723c751e8b465ee728b)  -> (artifact id: 'd12dc2ea3e61a37ec8c007bb991bb9be') in 0.006999 seconds
  Import took 0.008633 seconds .

========================================================================
Received Import Request.
  Time since last request: 0.000133 seconds.
  path: Assets/Media/Models/Props/FenceFortified/Prefab.prefab
  artifactKey: Guid(76751e827885bf0478ee074aef54d364) Importer(815301076,1909f56bfc062723c751e8b465ee728b)
Start importing Assets/Media/Models/Props/FenceFortified/Prefab.prefab using Guid(76751e827885bf0478ee074aef54d364) Importer(815301076,1909f56bfc062723c751e8b465ee728b)  -> (artifact id: 'ec0f4a4c5d57e92523867835de10869c') in 0.009100 seconds
  Import took 0.010594 seconds .

========================================================================
Received Import Request.
  Time since last request: 0.311780 seconds.
  path: Assets/Media/Models/Props/Trees/BigLarg/Prefab.prefab
  artifactKey: Guid(0532dd39270e9cd40a6b4b89f8f913b1) Importer(815301076,1909f56bfc062723c751e8b465ee728b)
Start importing Assets/Media/Models/Props/Trees/BigLarg/Prefab.prefab using Guid(0532dd39270e9cd40a6b4b89f8f913b1) Importer(815301076,1909f56bfc062723c751e8b465ee728b)  -> (artifact id: '7c3774752520dd87af10b879e29304b0') in 0.008019 seconds
  Import took 0.009602 seconds .

========================================================================
Received Import Request.
  Time since last request: 0.036203 seconds.
  path: Assets/Media/Models/Props/Fence/Prefab.prefab
  artifactKey: Guid(1e3c89e9ba3092e43ba71c379d15a987) Importer(815301076,1909f56bfc062723c751e8b465ee728b)
Start importing Assets/Media/Models/Props/Fence/Prefab.prefab using Guid(1e3c89e9ba3092e43ba71c379d15a987) Importer(815301076,1909f56bfc062723c751e8b465ee728b)  -> (artifact id: 'abf8e37c5eb2bc75ce738dc803ac47f8') in 0.007833 seconds
  Import took 0.009346 seconds .

========================================================================
Received Import Request.
  Time since last request: 0.362906 seconds.
  path: Assets/Media/Models/Props/Trees/BigLarg/Material/rock.mat
  artifactKey: Guid(a2286c60258a5624c978184729540e21) Importer(815301076,1909f56bfc062723c751e8b465ee728b)
Start importing Assets/Media/Models/Props/Trees/BigLarg/Material/rock.mat using Guid(a2286c60258a5624c978184729540e21) Importer(815301076,1909f56bfc062723c751e8b465ee728b)  -> (artifact id: '86b9427efff983cfed456dcfbbaf2b7b') in 0.007509 seconds
  Import took 0.009002 seconds .

========================================================================
Received Import Request.
  Time since last request: 0.000138 seconds.
  path: Assets/Media/Models/Props/Rocks/RockC/rock.mat
  artifactKey: Guid(723e155b17775564ab3f0aa84698d2fa) Importer(815301076,1909f56bfc062723c751e8b465ee728b)
Start importing Assets/Media/Models/Props/Rocks/RockC/rock.mat using Guid(723e155b17775564ab3f0aa84698d2fa) Importer(815301076,1909f56bfc062723c751e8b465ee728b)  -> (artifact id: '7ce3fccf90f45c2e22477e4e218efaa6') in 0.008617 seconds
  Import took 0.009978 seconds .

========================================================================
Received Import Request.
  Time since last request: 0.030956 seconds.
  path: Assets/Media/Models/Props/Trees/FallTree/Materials/rock.mat
  artifactKey: Guid(0e4a1117d395b2f45a75c41f49eb341a) Importer(815301076,1909f56bfc062723c751e8b465ee728b)
Start importing Assets/Media/Models/Props/Trees/FallTree/Materials/rock.mat using Guid(0e4a1117d395b2f45a75c41f49eb341a) Importer(815301076,1909f56bfc062723c751e8b465ee728b)  -> (artifact id: '7fd5a6242b6f09b2480e366fe6e8b56f') in 0.006868 seconds
  Import took 0.008324 seconds .

========================================================================
Received Import Request.
  Time since last request: 0.000131 seconds.
  path: Assets/Media/Models/Props/Box/Materials/rock.mat
  artifactKey: Guid(55410643f0c94d840b4b3356b8a0d9d0) Importer(815301076,1909f56bfc062723c751e8b465ee728b)
Start importing Assets/Media/Models/Props/Box/Materials/rock.mat using Guid(55410643f0c94d840b4b3356b8a0d9d0) Importer(815301076,1909f56bfc062723c751e8b465ee728b)  -> (artifact id: '6f5660bbda4d32d0cd99389eae596e2a') in 0.007241 seconds
  Import took 0.008643 seconds .

========================================================================
Received Import Request.
  Time since last request: 0.032018 seconds.
  path: Assets/Media/Models/Props/Rocks/RockFlat/rock.mat
  artifactKey: Guid(3f67018c9b5502a41beba5058f4e3866) Importer(815301076,1909f56bfc062723c751e8b465ee728b)
Start importing Assets/Media/Models/Props/Rocks/RockFlat/rock.mat using Guid(3f67018c9b5502a41beba5058f4e3866) Importer(815301076,1909f56bfc062723c751e8b465ee728b)  -> (artifact id: '6fc170543102084d4f660e40fc79566f') in 0.007805 seconds
  Import took 0.009346 seconds .

========================================================================
Received Import Request.
  Time since last request: 0.000137 seconds.
  path: Assets/Media/Models/Tools/Axe/Materials/rock.mat
  artifactKey: Guid(2376e7623719bae4a9c03e5f59816d1e) Importer(815301076,1909f56bfc062723c751e8b465ee728b)
Start importing Assets/Media/Models/Tools/Axe/Materials/rock.mat using Guid(2376e7623719bae4a9c03e5f59816d1e) Importer(815301076,1909f56bfc062723c751e8b465ee728b)  -> (artifact id: 'f6f9a4128a947fd95ce84fdd739032d7') in 0.008122 seconds
  Import took 0.009510 seconds .

========================================================================
Received Import Request.
  Time since last request: 0.314178 seconds.
  path: Assets/Media/Models/Props/Rocks/RockA/rock.mat
  artifactKey: Guid(6f6c89e4d075d544888ecff450d20d39) Importer(815301076,1909f56bfc062723c751e8b465ee728b)
Start importing Assets/Media/Models/Props/Rocks/RockA/rock.mat using Guid(6f6c89e4d075d544888ecff450d20d39) Importer(815301076,1909f56bfc062723c751e8b465ee728b)  -> (artifact id: 'be009b920403c76e5a1d7fe715f0345b') in 0.007028 seconds
  Import took 0.008509 seconds .

========================================================================
Received Import Request.
  Time since last request: 0.000129 seconds.
  path: Assets/Media/Models/Props/Rocks/RockB/rock.mat
  artifactKey: Guid(e4fe20b7cfc64d64b9e925f95eddf4d1) Importer(815301076,1909f56bfc062723c751e8b465ee728b)
Start importing Assets/Media/Models/Props/Rocks/RockB/rock.mat using Guid(e4fe20b7cfc64d64b9e925f95eddf4d1) Importer(815301076,1909f56bfc062723c751e8b465ee728b)  -> (artifact id: 'e8ee7b89f266334f6eb71ef67c7224a9') in 0.007848 seconds
  Import took 0.009223 seconds .

========================================================================
Received Import Request.
  Time since last request: 0.029236 seconds.
  path: Assets/Media/Models/Props/CampFire/Materials/rock.mat
  artifactKey: Guid(69e9263a3d2eb454e99c8ba8f67e6b7d) Importer(815301076,1909f56bfc062723c751e8b465ee728b)
Start importing Assets/Media/Models/Props/CampFire/Materials/rock.mat using Guid(69e9263a3d2eb454e99c8ba8f67e6b7d) Importer(815301076,1909f56bfc062723c751e8b465ee728b)  -> (artifact id: '44f6d4299454ce3762df8d077fb71feb') in 0.009010 seconds
  Import took 0.010483 seconds .

========================================================================
Received Import Request.
  Time since last request: 0.000135 seconds.
  path: Assets/Media/Models/Props/Rocks/RockA/rockA.fbx
  artifactKey: Guid(0c85c945ea3f26047a75e431c7a2db7a) Importer(815301076,1909f56bfc062723c751e8b465ee728b)
Start importing Assets/Media/Models/Props/Rocks/RockA/rockA.fbx using Guid(0c85c945ea3f26047a75e431c7a2db7a) Importer(815301076,1909f56bfc062723c751e8b465ee728b)  -> (artifact id: '8b9111b01c294d22bc64247e1f3db84b') in 0.011878 seconds
  Import took 0.013316 seconds .

========================================================================
Received Import Request.
  Time since last request: 0.368614 seconds.
  path: Assets/Media/Models/Props/Rocks/RockB/rockB.fbx
  artifactKey: Guid(43198479b5527834f97ebf5a46b5646d) Importer(815301076,1909f56bfc062723c751e8b465ee728b)
Start importing Assets/Media/Models/Props/Rocks/RockB/rockB.fbx using Guid(43198479b5527834f97ebf5a46b5646d) Importer(815301076,1909f56bfc062723c751e8b465ee728b)  -> (artifact id: '01b060878cfb255230f3e05b0965f5d1') in 0.010741 seconds
  Import took 0.012459 seconds .

========================================================================
Received Import Request.
  Time since last request: 0.034621 seconds.
  path: Assets/Media/Models/Props/Rocks/RockC/rockC.fbx
  artifactKey: Guid(cfa7d6ed4a169b74daca4d2eb31ed9ed) Importer(815301076,1909f56bfc062723c751e8b465ee728b)
Start importing Assets/Media/Models/Props/Rocks/RockC/rockC.fbx using Guid(cfa7d6ed4a169b74daca4d2eb31ed9ed) Importer(815301076,1909f56bfc062723c751e8b465ee728b)  -> (artifact id: '009d460a990dc071417986c7e01e4e74') in 0.011468 seconds
  Import took 0.013068 seconds .

========================================================================
Received Import Request.
  Time since last request: 0.387770 seconds.
  path: Assets/Media/Models/Props/Rocks/RockFlat/rockFlat.fbx
  artifactKey: Guid(d759a89cd32cd87469e05ba1f1254287) Importer(815301076,1909f56bfc062723c751e8b465ee728b)
Start importing Assets/Media/Models/Props/Rocks/RockFlat/rockFlat.fbx using Guid(d759a89cd32cd87469e05ba1f1254287) Importer(815301076,1909f56bfc062723c751e8b465ee728b)  -> (artifact id: '47684ea0330340117e74aeacb781a9b2') in 0.009976 seconds
  Import took 0.011486 seconds .

========================================================================
Received Import Request.
  Time since last request: 0.495625 seconds.
  path: Assets/Media/Models/Props/SignPost/DoubleSignPost/signpost.fbx
  artifactKey: Guid(763536f90168acb498bb068ab7191b87) Importer(815301076,1909f56bfc062723c751e8b465ee728b)
Start importing Assets/Media/Models/Props/SignPost/DoubleSignPost/signpost.fbx using Guid(763536f90168acb498bb068ab7191b87) Importer(815301076,1909f56bfc062723c751e8b465ee728b)  -> (artifact id: '8fa2ae160b92521c29c6396644b5381d') in 0.011784 seconds
  Import took 0.013671 seconds .

========================================================================
Received Import Request.
  Time since last request: 0.066198 seconds.
  path: Assets/Media/Models/Props/SignPost/SingleSignPost/signpostSingle.fbx
  artifactKey: Guid(42ac7c6a5e994f1428684436a96464fa) Importer(815301076,1909f56bfc062723c751e8b465ee728b)
Start importing Assets/Media/Models/Props/SignPost/SingleSignPost/signpostSingle.fbx using Guid(42ac7c6a5e994f1428684436a96464fa) Importer(815301076,1909f56bfc062723c751e8b465ee728b)  -> (artifact id: 'f6e5c1681908b6f64f386363f1ef0af1') in 0.010231 seconds
  Import took 0.011784 seconds .

========================================================================
Received Import Request.
  Time since last request: 49.109649 seconds.
  path: Assets/Media/SharedMaterials/Ground/Texture.jpeg
  artifactKey: Guid(749513b45a9402d4f9b2874555ef5047) Importer(815301076,1909f56bfc062723c751e8b465ee728b)
Start importing Assets/Media/SharedMaterials/Ground/Texture.jpeg using Guid(749513b45a9402d4f9b2874555ef5047) Importer(815301076,1909f56bfc062723c751e8b465ee728b)  -> (artifact id: '7111bdcf50a9c255570fbf5d5211d1d3') in 0.013953 seconds
  Import took 0.015690 seconds .

========================================================================
Received Prepare
Registering precompiled user dll's ...
Registered in 0.000380 seconds.
Begin MonoManager ReloadAssembly
Native extension for WindowsStandalone target not found
Refreshing native plugins compatible for Editor in 0.15 ms, found 0 plugins.
Preloading 0 native plugins for Editor in 0.00 ms.
Invoked RoslynAnalysisRunner static constructor.
RoslynAnalysisRunner will not be running.
RoslynAnalysisRunner has terminated.
Mono: successfully reloaded assembly
- Completed reload, in  0.533 seconds
Platform modules already initialized, skipping
Refreshing native plugins compatible for Editor in 0.15 ms, found 0 plugins.
Preloading 0 native plugins for Editor in 0.00 ms.
Unloading 946 Unused Serialized files (Serialized files now loaded: 0)
System memory in use before: 70.7 MB.
System memory in use after: 70.8 MB.

Unloading 5 unused Assets to reduce memory usage. Loaded Objects now: 1507.
Total: 1.046400 ms (FindLiveObjects: 0.108800 ms CreateObjectMapping: 0.027700 ms MarkObjects: 0.890000 ms  DeleteObjects: 0.019200 ms)

========================================================================
Received Import Request.
  Time since last request: 2221.621630 seconds.
  path: Assets/Media/Models/Props/Box/Materials/wood.mat
  artifactKey: Guid(b0ac82366eaa00d4583b77ba5d1b15ae) Importer(815301076,1909f56bfc062723c751e8b465ee728b)
Start importing Assets/Media/Models/Props/Box/Materials/wood.mat using Guid(b0ac82366eaa00d4583b77ba5d1b15ae) Importer(815301076,1909f56bfc062723c751e8b465ee728b)  -> (artifact id: '25e5907a21fb03f4b11b4873065e9309') in 0.051857 seconds
  Import took 0.053678 seconds .

========================================================================
Received Import Request.
  Time since last request: 0.793312 seconds.
  path: Assets/Media/Models/Props/WorkBench/Materials/wood.mat
  artifactKey: Guid(38423d091fb507143b1273c7600569b2) Importer(815301076,1909f56bfc062723c751e8b465ee728b)
Start importing Assets/Media/Models/Props/WorkBench/Materials/wood.mat using Guid(38423d091fb507143b1273c7600569b2) Importer(815301076,1909f56bfc062723c751e8b465ee728b)  -> (artifact id: '33e592f35ce2de95bcda120d2f5e5835') in 0.007749 seconds
  Import took 0.009195 seconds .

========================================================================
Received Import Request.
  Time since last request: 0.000144 seconds.
  path: Assets/Media/Models/Props/Trees/LargTree/Materials/wood.mat
  artifactKey: Guid(e1fa5a0a650995a42ab411e37a92497d) Importer(815301076,1909f56bfc062723c751e8b465ee728b)
Start importing Assets/Media/Models/Props/Trees/LargTree/Materials/wood.mat using Guid(e1fa5a0a650995a42ab411e37a92497d) Importer(815301076,1909f56bfc062723c751e8b465ee728b)  -> (artifact id: 'cd41d9bbc4e0525acd126391843c90bd') in 0.008119 seconds
  Import took 0.009533 seconds .

========================================================================
Received Import Request.
  Time since last request: 0.541713 seconds.
  path: Assets/Media/Models/Tools/Axe/Materials/wood.mat
  artifactKey: Guid(4ab2d4f21f76c7d48b2e48fca15d3e7d) Importer(815301076,1909f56bfc062723c751e8b465ee728b)
Start importing Assets/Media/Models/Tools/Axe/Materials/wood.mat using Guid(4ab2d4f21f76c7d48b2e48fca15d3e7d) Importer(815301076,1909f56bfc062723c751e8b465ee728b)  -> (artifact id: '4488016e569090b2e10bd4cb9d6769c9') in 0.007239 seconds
  Import took 0.008683 seconds .

========================================================================
Received Import Request.
  Time since last request: 0.000132 seconds.
  path: Assets/Media/Models/Props/Floor/Materials/wood.mat
  artifactKey: Guid(73e54c04ac7fe2243a3705c4df582e00) Importer(815301076,1909f56bfc062723c751e8b465ee728b)
Start importing Assets/Media/Models/Props/Floor/Materials/wood.mat using Guid(73e54c04ac7fe2243a3705c4df582e00) Importer(815301076,1909f56bfc062723c751e8b465ee728b)  -> (artifact id: '5a47dd176dfb960a272fcc486dac955b') in 0.007526 seconds
  Import took 0.008861 seconds .

========================================================================
Received Import Request.
  Time since last request: 0.022413 seconds.
  path: Assets/Media/Models/Props/Trees/BasicTree/Materials/wood.mat
  artifactKey: Guid(df16259b89caef54c88c50a88f2cb7bf) Importer(815301076,1909f56bfc062723c751e8b465ee728b)
Start importing Assets/Media/Models/Props/Trees/BasicTree/Materials/wood.mat using Guid(df16259b89caef54c88c50a88f2cb7bf) Importer(815301076,1909f56bfc062723c751e8b465ee728b)  -> (artifact id: '2dba5fa57d56d178353b17df064cef5a') in 0.010491 seconds
  Import took 0.012077 seconds .

========================================================================
Received Import Request.
  Time since last request: 0.000154 seconds.
  path: Assets/Media/Models/Props/CampFire/Materials/wood.mat
  artifactKey: Guid(03c9377ee47455746a22fe17aa615d25) Importer(815301076,1909f56bfc062723c751e8b465ee728b)
Start importing Assets/Media/Models/Props/CampFire/Materials/wood.mat using Guid(03c9377ee47455746a22fe17aa615d25) Importer(815301076,1909f56bfc062723c751e8b465ee728b)  -> (artifact id: '962cdcb9fab3645cda746d3040742dea') in 0.007436 seconds
  Import took 0.009048 seconds .

========================================================================
Received Import Request.
  Time since last request: 0.000164 seconds.
  path: Assets/Media/Models/Props/Trees/BasicTree/Materials/wood.mat
  artifactKey: Guid(df16259b89caef54c88c50a88f2cb7bf) Importer(815301076,1909f56bfc062723c751e8b465ee728b)
Start importing Assets/Media/Models/Props/Trees/BasicTree/Materials/wood.mat using Guid(df16259b89caef54c88c50a88f2cb7bf) Importer(815301076,1909f56bfc062723c751e8b465ee728b)  -> (artifact id: '2dba5fa57d56d178353b17df064cef5a') in 0.007829 seconds
  Import took 0.009576 seconds .

========================================================================
Received Import Request.
  Time since last request: 1.719646 seconds.
  path: Assets/Media/Models/Props/Tent/Materials/wood.mat
  artifactKey: Guid(bb467935f03930b4daa8c0bf1171d9d4) Importer(815301076,1909f56bfc062723c751e8b465ee728b)
Start importing Assets/Media/Models/Props/Tent/Materials/wood.mat using Guid(bb467935f03930b4daa8c0bf1171d9d4) Importer(815301076,1909f56bfc062723c751e8b465ee728b)  -> (artifact id: 'ac5d5c6479b17a5d093de894c5cc76f1') in 0.007008 seconds
  Import took 0.008547 seconds .

========================================================================
Received Import Request.
  Time since last request: 0.000130 seconds.
  path: Assets/Media/Models/Props/Fence/wood.mat
  artifactKey: Guid(04118f48ebb98e94bb62fee862c3ce25) Importer(815301076,1909f56bfc062723c751e8b465ee728b)
Start importing Assets/Media/Models/Props/Fence/wood.mat using Guid(04118f48ebb98e94bb62fee862c3ce25) Importer(815301076,1909f56bfc062723c751e8b465ee728b)  -> (artifact id: '91041d4bcafd42a045cc8c4db6b03cdb') in 0.007338 seconds
  Import took 0.008929 seconds .

========================================================================
Received Import Request.
  Time since last request: 0.055528 seconds.
  path: Assets/Media/Models/Tools/Shovel/Materials/wood.mat
  artifactKey: Guid(6aaa42b09e0f359449ef0a334f43d815) Importer(815301076,1909f56bfc062723c751e8b465ee728b)
Start importing Assets/Media/Models/Tools/Shovel/Materials/wood.mat using Guid(6aaa42b09e0f359449ef0a334f43d815) Importer(815301076,1909f56bfc062723c751e8b465ee728b)  -> (artifact id: '163d3cc88b8c5e105b7c4bc4fb72b94b') in 0.008394 seconds
  Import took 0.009948 seconds .

========================================================================
Received Import Request.
  Time since last request: 0.000130 seconds.
  path: Assets/Media/Models/Props/SignPost/DoubleSignPost/wood.mat
  artifactKey: Guid(3cbf79b2a038f3e4fb8389840d1bbd04) Importer(815301076,1909f56bfc062723c751e8b465ee728b)
Start importing Assets/Media/Models/Props/SignPost/DoubleSignPost/wood.mat using Guid(3cbf79b2a038f3e4fb8389840d1bbd04) Importer(815301076,1909f56bfc062723c751e8b465ee728b)  -> (artifact id: '04fcee0271a0b43084e9151c8006db00') in 0.007838 seconds
  Import took 0.009423 seconds .

========================================================================
Received Import Request.
  Time since last request: 1.046712 seconds.
  path: Assets/Media/Models/Props/FenceFortified/Materials/wood.mat
  artifactKey: Guid(c85fb5891d1edc34d8bf60f7661ae861) Importer(815301076,1909f56bfc062723c751e8b465ee728b)
Start importing Assets/Media/Models/Props/FenceFortified/Materials/wood.mat using Guid(c85fb5891d1edc34d8bf60f7661ae861) Importer(815301076,1909f56bfc062723c751e8b465ee728b)  -> (artifact id: '39c72575175e509d4b892088584610cf') in 0.007004 seconds
  Import took 0.008495 seconds .

========================================================================
Received Import Request.
  Time since last request: 0.000137 seconds.
  path: Assets/Media/Models/Props/Camp/Materials/wood.mat
  artifactKey: Guid(e5ed84b693e23dd45b042354ef6b4585) Importer(815301076,1909f56bfc062723c751e8b465ee728b)
Start importing Assets/Media/Models/Props/Camp/Materials/wood.mat using Guid(e5ed84b693e23dd45b042354ef6b4585) Importer(815301076,1909f56bfc062723c751e8b465ee728b)  -> (artifact id: '02fee11403e33514a39fd990095c0b94') in 0.007575 seconds
  Import took 0.008917 seconds .

========================================================================
Received Import Request.
  Time since last request: 0.603236 seconds.
  path: Assets/Media/Models/Props/SignPost/SingleSignPost/wood.mat
  artifactKey: Guid(41598f8179b1d2a429acb59326c662e9) Importer(815301076,1909f56bfc062723c751e8b465ee728b)
Start importing Assets/Media/Models/Props/SignPost/SingleSignPost/wood.mat using Guid(41598f8179b1d2a429acb59326c662e9) Importer(815301076,1909f56bfc062723c751e8b465ee728b)  -> (artifact id: '41c03fdd6d8818e7ee92d563076861ba') in 0.007065 seconds
  Import took 0.008578 seconds .

========================================================================
Received Import Request.
  Time since last request: 0.000132 seconds.
  path: Assets/Media/Models/Props/FenceFortified/Materials/woodDark.mat
  artifactKey: Guid(b91c411e364f11b4e838a97cb2603cb3) Importer(815301076,1909f56bfc062723c751e8b465ee728b)
Start importing Assets/Media/Models/Props/FenceFortified/Materials/woodDark.mat using Guid(b91c411e364f11b4e838a97cb2603cb3) Importer(815301076,1909f56bfc062723c751e8b465ee728b)  -> (artifact id: '961aef1a865a76c35822dcd8e0c496b4') in 0.007630 seconds
  Import took 0.008967 seconds .

========================================================================
Received Import Request.
  Time since last request: 0.566231 seconds.
  path: Assets/Media/Models/Props/Floor/Materials/woodDark.mat
  artifactKey: Guid(161bcf05e5eb5654fb6cfa3c9d3ba640) Importer(815301076,1909f56bfc062723c751e8b465ee728b)
Start importing Assets/Media/Models/Props/Floor/Materials/woodDark.mat using Guid(161bcf05e5eb5654fb6cfa3c9d3ba640) Importer(815301076,1909f56bfc062723c751e8b465ee728b)  -> (artifact id: 'fec47f5368bec3103d63fb8c451b9606') in 0.007593 seconds
  Import took 0.009237 seconds .

========================================================================
Received Import Request.
  Time since last request: 1248.884777 seconds.
  path: Assets/Media/Prefabs/GrassPack.prefab
  artifactKey: Guid(19f2c6464ca30be448927d317e320d91) Importer(815301076,1909f56bfc062723c751e8b465ee728b)
Start importing Assets/Media/Prefabs/GrassPack.prefab using Guid(19f2c6464ca30be448927d317e320d91) Importer(815301076,1909f56bfc062723c751e8b465ee728b)  -> (artifact id: '0aada1e735e68c02a389ae41a5db43af') in 0.021340 seconds
  Import took 0.023231 seconds .

========================================================================
Received Import Request.
  Time since last request: 0.000144 seconds.
  path: Assets/Media/Prefabs/TreePack Variant.prefab
  artifactKey: Guid(7aaf2eda56750084585aead21198e125) Importer(815301076,1909f56bfc062723c751e8b465ee728b)
Start importing Assets/Media/Prefabs/TreePack Variant.prefab using Guid(7aaf2eda56750084585aead21198e125) Importer(815301076,1909f56bfc062723c751e8b465ee728b)  -> (artifact id: '89f5b67b3e5bb8a57fbbcd8395ed4b13') in 0.009867 seconds
  Import took 0.011784 seconds .

========================================================================
Received Import Request.
  Time since last request: 0.000147 seconds.
  path: Assets/Media/Prefabs/TreePack.prefab
  artifactKey: Guid(5b81658415fa6fa4592608c870a5291a) Importer(815301076,1909f56bfc062723c751e8b465ee728b)
Start importing Assets/Media/Prefabs/TreePack.prefab using Guid(5b81658415fa6fa4592608c870a5291a) Importer(815301076,1909f56bfc062723c751e8b465ee728b)  -> (artifact id: 'faa48674e4cc3f5c627e66697ec9ed7e') in 0.009957 seconds
  Import took 0.011827 seconds .

========================================================================
Received Import Request.
  Time since last request: 46.189716 seconds.
  path: Assets/Media/Prefabs/TreePack Variant.prefab
  artifactKey: Guid(7aaf2eda56750084585aead21198e125) Importer(815301076,1909f56bfc062723c751e8b465ee728b)
Start importing Assets/Media/Prefabs/TreePack Variant.prefab using Guid(7aaf2eda56750084585aead21198e125) Importer(815301076,1909f56bfc062723c751e8b465ee728b)  -> (artifact id: '709530569f4c3d444e18cc41b56b4f24') in 0.002872 seconds
  Import took 0.004575 seconds .

========================================================================
Received Import Request.
  Time since last request: 70.134757 seconds.
  path: Assets/Media/Prefabs/TreePack (2).prefab
  artifactKey: Guid(5f15cff9a4e51c24c8757b23b58f7ee6) Importer(815301076,1909f56bfc062723c751e8b465ee728b)
Start importing Assets/Media/Prefabs/TreePack (2).prefab using Guid(5f15cff9a4e51c24c8757b23b58f7ee6) Importer(815301076,1909f56bfc062723c751e8b465ee728b)  -> (artifact id: 'b4adb18efe91a195adc6ec8bbfe6c253') in 0.009796 seconds
  Import took 0.011870 seconds .

========================================================================
Received Import Request.
  Time since last request: 15.934997 seconds.
  path: Assets/Media/Prefabs/TreePack.prefab
  artifactKey: Guid(5f15cff9a4e51c24c8757b23b58f7ee6) Importer(815301076,1909f56bfc062723c751e8b465ee728b)
Start importing Assets/Media/Prefabs/TreePack.prefab using Guid(5f15cff9a4e51c24c8757b23b58f7ee6) Importer(815301076,1909f56bfc062723c751e8b465ee728b)  -> (artifact id: '86fe91150ccc63b71e5d150afdf11d5c') in 0.007801 seconds
  Import took 0.009871 seconds .

========================================================================
Received Import Request.
  Time since last request: 0.001487 seconds.
  path: Assets/Media/Prefabs/TreePack.prefab
  artifactKey: Guid(5f15cff9a4e51c24c8757b23b58f7ee6) Importer(815301076,1909f56bfc062723c751e8b465ee728b)
Start importing Assets/Media/Prefabs/TreePack.prefab using Guid(5f15cff9a4e51c24c8757b23b58f7ee6) Importer(815301076,1909f56bfc062723c751e8b465ee728b)  -> (artifact id: '86fe91150ccc63b71e5d150afdf11d5c') in 0.007834 seconds
  Import took 0.009565 seconds .

========================================================================
Received Import Request.
  Time since last request: 909.243031 seconds.
  path: Assets/Media/Models/Props/Tent/tentClosed.fbx
  artifactKey: Guid(7fad62a8bdbdaa248843bb4b3bd0f886) Importer(815301076,1909f56bfc062723c751e8b465ee728b)
Start importing Assets/Media/Models/Props/Tent/tentClosed.fbx using Guid(7fad62a8bdbdaa248843bb4b3bd0f886) Importer(815301076,1909f56bfc062723c751e8b465ee728b)  -> (artifact id: 'f9d86ec375cce19c33d753bed06d502d') in 0.032699 seconds
  Import took 0.034706 seconds .

========================================================================
Received Import Request.
  Time since last request: 0.072929 seconds.
  path: Assets/Media/Models/Tools/Axe/toolAxe.fbx
  artifactKey: Guid(946d2be7f3fa4674fa2cdf12a020734a) Importer(815301076,1909f56bfc062723c751e8b465ee728b)
Start importing Assets/Media/Models/Tools/Axe/toolAxe.fbx using Guid(946d2be7f3fa4674fa2cdf12a020734a) Importer(815301076,1909f56bfc062723c751e8b465ee728b)  -> (artifact id: '23f6a1d744ae95ef16aa92143e77765b') in 0.013593 seconds
  Import took 0.015367 seconds .

========================================================================
Received Import Request.
  Time since last request: 0.000161 seconds.
  path: Assets/Media/Models/Tools/Shovel/toolShovel.fbx
  artifactKey: Guid(dfc989fb8efc71a44bb269d3298e0805) Importer(815301076,1909f56bfc062723c751e8b465ee728b)
Start importing Assets/Media/Models/Tools/Shovel/toolShovel.fbx using Guid(dfc989fb8efc71a44bb269d3298e0805) Importer(815301076,1909f56bfc062723c751e8b465ee728b)  -> (artifact id: '5b45975e298e4ce4ca9b772d4b34e6bc') in 0.013799 seconds
  Import took 0.015530 seconds .

========================================================================
Received Import Request.
  Time since last request: 167.405240 seconds.
  path: Assets/Media/Models/Props/Trees/BasicTree/tree.fbx
  artifactKey: Guid(b858c26348814454c839afe11a7bcbd9) Importer(815301076,1909f56bfc062723c751e8b465ee728b)
Start importing Assets/Media/Models/Props/Trees/BasicTree/tree.fbx using Guid(b858c26348814454c839afe11a7bcbd9) Importer(815301076,1909f56bfc062723c751e8b465ee728b)  -> (artifact id: '43c488f1971cc036ea67987d7f4a2c2f') in 0.010416 seconds
  Import took 0.012206 seconds .

========================================================================
Received Import Request.
  Time since last request: 0.000141 seconds.
  path: Assets/Media/Models/Props/Trees/FallTree/treeFall.fbx
  artifactKey: Guid(22a2c6274d0696a4abd0b8610a2b0573) Importer(815301076,1909f56bfc062723c751e8b465ee728b)
Start importing Assets/Media/Models/Props/Trees/FallTree/treeFall.fbx using Guid(22a2c6274d0696a4abd0b8610a2b0573) Importer(815301076,1909f56bfc062723c751e8b465ee728b)  -> (artifact id: '805d03c53dfdfa5b91fe51c82fbb1c1c') in 0.013589 seconds
  Import took 0.014973 seconds .

========================================================================
Received Import Request.
  Time since last request: 3.460485 seconds.
  path: Assets/Media/Models/Props/Trees/BigLarg/treeFallLarge.fbx
  artifactKey: Guid(8783e5b1067c72a4f84edd9d42f5fe71) Importer(815301076,1909f56bfc062723c751e8b465ee728b)
Start importing Assets/Media/Models/Props/Trees/BigLarg/treeFallLarge.fbx using Guid(8783e5b1067c72a4f84edd9d42f5fe71) Importer(815301076,1909f56bfc062723c751e8b465ee728b)  -> (artifact id: '613ee5b7cb3f305f19bb31831d56aadd') in 0.010862 seconds
  Import took 0.012924 seconds .

========================================================================
Received Import Request.
  Time since last request: 0.000133 seconds.
  path: Assets/Media/Models/Props/Trees/LargTree/treeLarge.fbx
  artifactKey: Guid(cb4d910b5221db34dbbb4f3619739c4e) Importer(815301076,1909f56bfc062723c751e8b465ee728b)
Start importing Assets/Media/Models/Props/Trees/LargTree/treeLarge.fbx using Guid(cb4d910b5221db34dbbb4f3619739c4e) Importer(815301076,1909f56bfc062723c751e8b465ee728b)  -> (artifact id: '5b5eb323bf7a5caf2b8c5eedee1c84d4') in 0.010911 seconds
  Import took 0.012335 seconds .

========================================================================
Received Import Request.
  Time since last request: 1976.040432 seconds.
  path: Assets/Media/Models
  artifactKey: Guid(e8868e6cec70ff84685820b6c3843470) Importer(815301076,1909f56bfc062723c751e8b465ee728b)
Start importing Assets/Media/Models using Guid(e8868e6cec70ff84685820b6c3843470) Importer(815301076,1909f56bfc062723c751e8b465ee728b)  -> (artifact id: '035051b6c2776fb517f923d7dc794add') in 0.004476 seconds
  Import took 0.006230 seconds .

========================================================================
Received Import Request.
  Time since last request: 91.688847 seconds.
  path: Assets/Media/Models/Tools
  artifactKey: Guid(9d614f98de9ccdc4da07e4ab60ed0b65) Importer(815301076,1909f56bfc062723c751e8b465ee728b)
Start importing Assets/Media/Models/Tools using Guid(9d614f98de9ccdc4da07e4ab60ed0b65) Importer(815301076,1909f56bfc062723c751e8b465ee728b)  -> (artifact id: 'ae3c4c481d47e0dd56169f3fe1046022') in 0.006459 seconds
  Import took 0.007999 seconds .

========================================================================
Received Import Request.
  Time since last request: 99.352615 seconds.
  path: Assets/Media/Prefabs/Axe.prefab
  artifactKey: Guid(1ff2786769c145b44b021e29592c9b23) Importer(815301076,1909f56bfc062723c751e8b465ee728b)
Start importing Assets/Media/Prefabs/Axe.prefab using Guid(1ff2786769c145b44b021e29592c9b23) Importer(815301076,1909f56bfc062723c751e8b465ee728b)  -> (artifact id: '0f79c2657355a203abffd1a3475cde7c') in 0.009749 seconds
  Import took 0.011481 seconds .

========================================================================
Received Import Request.
  Time since last request: 0.002310 seconds.
  path: Assets/Media/Prefabs/Axe.prefab
  artifactKey: Guid(1ff2786769c145b44b021e29592c9b23) Importer(815301076,1909f56bfc062723c751e8b465ee728b)
Start importing Assets/Media/Prefabs/Axe.prefab using Guid(1ff2786769c145b44b021e29592c9b23) Importer(815301076,1909f56bfc062723c751e8b465ee728b)  -> (artifact id: '0f79c2657355a203abffd1a3475cde7c') in 0.006181 seconds
  Import took 0.007916 seconds .

========================================================================
Received Import Request.
  Time since last request: 31.386512 seconds.
  path: Assets/Media/Models/Tools/Axe/Materials
  artifactKey: Guid(dd2e766801c671b4eab5492aceac5a89) Importer(815301076,1909f56bfc062723c751e8b465ee728b)
Start importing Assets/Media/Models/Tools/Axe/Materials using Guid(dd2e766801c671b4eab5492aceac5a89) Importer(815301076,1909f56bfc062723c751e8b465ee728b)  -> (artifact id: '53582ceb70b96f4936dd4cdbb14bec5d') in 0.005415 seconds
  Import took 0.006979 seconds .

========================================================================
Received Import Request.
  Time since last request: 17.120180 seconds.
  path: Assets/Media/Models/Tools/Shovel/Materials
  artifactKey: Guid(e9dc8e72169d8e141b22a0ab557d39e6) Importer(815301076,1909f56bfc062723c751e8b465ee728b)
Start importing Assets/Media/Models/Tools/Shovel/Materials using Guid(e9dc8e72169d8e141b22a0ab557d39e6) Importer(815301076,1909f56bfc062723c751e8b465ee728b)  -> (artifact id: '43e197a53d33eb4fe7cb28686cdab73e') in 0.001511 seconds
  Import took 0.002885 seconds .

========================================================================
Received Import Request.
  Time since last request: 200.058769 seconds.
  path: Assets/Media/Models/Props/CampFire/Prefab.prefab
  artifactKey: Guid(4913e73292dfdbb4ea7325a0cf0999e2) Importer(815301076,1909f56bfc062723c751e8b465ee728b)
Start importing Assets/Media/Models/Props/CampFire/Prefab.prefab using Guid(4913e73292dfdbb4ea7325a0cf0999e2) Importer(815301076,1909f56bfc062723c751e8b465ee728b)  -> (artifact id: '15e6fce6bad5528b90c72c249f5f0b92') in 0.008995 seconds
  Import took 0.010809 seconds .

========================================================================
Received Import Request.
  Time since last request: 3.231417 seconds.
  path: Assets/Media/Models/Props/CampFire/Prefab.prefab
  artifactKey: Guid(4913e73292dfdbb4ea7325a0cf0999e2) Importer(815301076,1909f56bfc062723c751e8b465ee728b)
Start importing Assets/Media/Models/Props/CampFire/Prefab.prefab using Guid(4913e73292dfdbb4ea7325a0cf0999e2) Importer(815301076,1909f56bfc062723c751e8b465ee728b)  -> (artifact id: 'd118733d4fb1bcf41ef3bb366a0483d6') in 0.007899 seconds
  Import took 0.009406 seconds .

========================================================================
Received Import Request.
  Time since last request: 10.540214 seconds.
  path: Assets/Media/Models/Props/CampFire/Prefab.prefab
  artifactKey: Guid(4913e73292dfdbb4ea7325a0cf0999e2) Importer(815301076,1909f56bfc062723c751e8b465ee728b)
Start importing Assets/Media/Models/Props/CampFire/Prefab.prefab using Guid(4913e73292dfdbb4ea7325a0cf0999e2) Importer(815301076,1909f56bfc062723c751e8b465ee728b)  -> (artifact id: '34a7f2cc247b35769187403bc933c985') in 0.006540 seconds
  Import took 0.008067 seconds .

========================================================================
Received Import Request.
  Time since last request: 73.341765 seconds.
  path: Assets/Media/Models/Props/CampFire/campfire.fbx
  artifactKey: Guid(11df41b73baf397449bda289d3d1f076) Importer(815301076,1909f56bfc062723c751e8b465ee728b)
Start importing Assets/Media/Models/Props/CampFire/campfire.fbx using Guid(11df41b73baf397449bda289d3d1f076) Importer(815301076,1909f56bfc062723c751e8b465ee728b)  -> (artifact id: '7ef929e1986bebbc20bbc4a4e1113b8b') in 0.029800 seconds
  Import took 0.031491 seconds .

========================================================================
Received Import Request.
  Time since last request: 4.333246 seconds.
  path: Assets/Media/Models/Props/CampFire/Materials
  artifactKey: Guid(85cd45466221b3e44a96b1db7cda24bf) Importer(815301076,1909f56bfc062723c751e8b465ee728b)
Start importing Assets/Media/Models/Props/CampFire/Materials using Guid(85cd45466221b3e44a96b1db7cda24bf) Importer(815301076,1909f56bfc062723c751e8b465ee728b)  -> (artifact id: 'be2578198ddf4d7773b4543974e145a2') in 0.001232 seconds
  Import took 0.002687 seconds .

========================================================================
Received Import Request.
  Time since last request: 174.917156 seconds.
  path: Assets/Media/Models/Props/Grass/Prefab.prefab
  artifactKey: Guid(4e534cd9f29abdb4095fd365238c91a2) Importer(815301076,1909f56bfc062723c751e8b465ee728b)
Start importing Assets/Media/Models/Props/Grass/Prefab.prefab using Guid(4e534cd9f29abdb4095fd365238c91a2) Importer(815301076,1909f56bfc062723c751e8b465ee728b)  -> (artifact id: 'c2cd8b656909b352d8ff632456900b11') in 0.009186 seconds
  Import took 0.010997 seconds .

========================================================================
Received Import Request.
  Time since last request: 0.005753 seconds.
  path: Assets/Media/Models/Props/Grass/Prefab.prefab
  artifactKey: Guid(4e534cd9f29abdb4095fd365238c91a2) Importer(815301076,1909f56bfc062723c751e8b465ee728b)
Start importing Assets/Media/Models/Props/Grass/Prefab.prefab using Guid(4e534cd9f29abdb4095fd365238c91a2) Importer(815301076,1909f56bfc062723c751e8b465ee728b)  -> (artifact id: 'c2cd8b656909b352d8ff632456900b11') in 0.006217 seconds
  Import took 0.008020 seconds .

========================================================================
Received Import Request.
  Time since last request: 1.656903 seconds.
  path: Assets/Media/Models/Props/Grass/Prefab.prefab
  artifactKey: Guid(4e534cd9f29abdb4095fd365238c91a2) Importer(815301076,1909f56bfc062723c751e8b465ee728b)
Start importing Assets/Media/Models/Props/Grass/Prefab.prefab using Guid(4e534cd9f29abdb4095fd365238c91a2) Importer(815301076,1909f56bfc062723c751e8b465ee728b)  -> (artifact id: 'f636e2220792f90ad0f7e9ced91a0981') in 0.006337 seconds
  Import took 0.007911 seconds .

========================================================================
Received Import Request.
  Time since last request: 0.005818 seconds.
  path: Assets/Media/Models/Props/Grass/Prefab.prefab
  artifactKey: Guid(4e534cd9f29abdb4095fd365238c91a2) Importer(815301076,1909f56bfc062723c751e8b465ee728b)
Start importing Assets/Media/Models/Props/Grass/Prefab.prefab using Guid(4e534cd9f29abdb4095fd365238c91a2) Importer(815301076,1909f56bfc062723c751e8b465ee728b)  -> (artifact id: 'f636e2220792f90ad0f7e9ced91a0981') in 0.006475 seconds
  Import took 0.008381 seconds .

========================================================================
Received Import Request.
  Time since last request: 1.704922 seconds.
  path: Assets/Media/Models/Props/Grass/Prefab.prefab
  artifactKey: Guid(4e534cd9f29abdb4095fd365238c91a2) Importer(815301076,1909f56bfc062723c751e8b465ee728b)
Start importing Assets/Media/Models/Props/Grass/Prefab.prefab using Guid(4e534cd9f29abdb4095fd365238c91a2) Importer(815301076,1909f56bfc062723c751e8b465ee728b)  -> (artifact id: '8bf233ace40c4e0bb53503f7eb2e4883') in 0.008834 seconds
  Import took 0.010457 seconds .

========================================================================
Received Import Request.
  Time since last request: 0.005541 seconds.
  path: Assets/Media/Models/Props/Grass/Prefab.prefab
  artifactKey: Guid(4e534cd9f29abdb4095fd365238c91a2) Importer(815301076,1909f56bfc062723c751e8b465ee728b)
Start importing Assets/Media/Models/Props/Grass/Prefab.prefab using Guid(4e534cd9f29abdb4095fd365238c91a2) Importer(815301076,1909f56bfc062723c751e8b465ee728b)  -> (artifact id: '8bf233ace40c4e0bb53503f7eb2e4883') in 0.005103 seconds
  Import took 0.007049 seconds .

========================================================================
Received Import Request.
  Time since last request: 0.854106 seconds.
  path: Assets/Media/Models/Props/Grass/Prefab.prefab
  artifactKey: Guid(4e534cd9f29abdb4095fd365238c91a2) Importer(815301076,1909f56bfc062723c751e8b465ee728b)
Start importing Assets/Media/Models/Props/Grass/Prefab.prefab using Guid(4e534cd9f29abdb4095fd365238c91a2) Importer(815301076,1909f56bfc062723c751e8b465ee728b)  -> (artifact id: '0821003a14f44448e00d93c42066eb1b') in 0.005257 seconds
  Import took 0.006744 seconds .

========================================================================
Received Import Request.
  Time since last request: 0.012304 seconds.
  path: Assets/Media/Models/Props/Grass/Prefab.prefab
  artifactKey: Guid(4e534cd9f29abdb4095fd365238c91a2) Importer(815301076,1909f56bfc062723c751e8b465ee728b)
Start importing Assets/Media/Models/Props/Grass/Prefab.prefab using Guid(4e534cd9f29abdb4095fd365238c91a2) Importer(815301076,1909f56bfc062723c751e8b465ee728b)  -> (artifact id: '0821003a14f44448e00d93c42066eb1b') in 0.005686 seconds
  Import took 0.007219 seconds .

========================================================================
Received Import Request.
  Time since last request: 505.292132 seconds.
  path: Assets/Media/Prefabs/GrassPack.prefab
  artifactKey: Guid(19f2c6464ca30be448927d317e320d91) Importer(815301076,1909f56bfc062723c751e8b465ee728b)
Start importing Assets/Media/Prefabs/GrassPack.prefab using Guid(19f2c6464ca30be448927d317e320d91) Importer(815301076,1909f56bfc062723c751e8b465ee728b)  -> (artifact id: '974962b9be6bcf0762815fac83ffc7c2') in 0.014551 seconds
  Import took 0.016613 seconds .

========================================================================
Received Import Request.
  Time since last request: 2.835802 seconds.
  path: Assets/Media/Prefabs/Fences
  artifactKey: Guid(77a0dee19e1e0844482f8464b0da70a7) Importer(815301076,1909f56bfc062723c751e8b465ee728b)
Start importing Assets/Media/Prefabs/Fences using Guid(77a0dee19e1e0844482f8464b0da70a7) Importer(815301076,1909f56bfc062723c751e8b465ee728b)  -> (artifact id: '19832af41f6012bd625b51b6648495d3') in 0.004408 seconds
  Import took 0.006082 seconds .

========================================================================
Received Import Request.
  Time since last request: 3334.477873 seconds.
  path: Assets/Media/Models/Characters/BasicCharacter/Materials/CharacterMaterial.mat
  artifactKey: Guid(cdcd43459320e644bb3272a9c68eb44e) Importer(815301076,1909f56bfc062723c751e8b465ee728b)
Start importing Assets/Media/Models/Characters/BasicCharacter/Materials/CharacterMaterial.mat using Guid(cdcd43459320e644bb3272a9c68eb44e) Importer(815301076,1909f56bfc062723c751e8b465ee728b)  -> (artifact id: 'b385e9f7588a8ffc10edde3635b03e12') in 0.025365 seconds
  Import took 0.027471 seconds .

========================================================================
Received Import Request.
  Time since last request: 0.002122 seconds.
  path: Assets/Media/Models/Characters/BasicCharacter/Materials/CharacterMaterial.mat
  artifactKey: Guid(cdcd43459320e644bb3272a9c68eb44e) Importer(815301076,1909f56bfc062723c751e8b465ee728b)
Start importing Assets/Media/Models/Characters/BasicCharacter/Materials/CharacterMaterial.mat using Guid(cdcd43459320e644bb3272a9c68eb44e) Importer(815301076,1909f56bfc062723c751e8b465ee728b)  -> (artifact id: 'b385e9f7588a8ffc10edde3635b03e12') in 0.009523 seconds
  Import took 0.011402 seconds .

========================================================================
Received Prepare
Registering precompiled user dll's ...
Registered in 0.000467 seconds.
Begin MonoManager ReloadAssembly
Native extension for WindowsStandalone target not found
Refreshing native plugins compatible for Editor in 0.15 ms, found 0 plugins.
Preloading 0 native plugins for Editor in 0.00 ms.
Invoked RoslynAnalysisRunner static constructor.
RoslynAnalysisRunner will not be running.
RoslynAnalysisRunner has terminated.
Mono: successfully reloaded assembly
- Completed reload, in  0.544 seconds
Platform modules already initialized, skipping
Refreshing native plugins compatible for Editor in 0.14 ms, found 0 plugins.
Preloading 0 native plugins for Editor in 0.00 ms.
Unloading 946 Unused Serialized files (Serialized files now loaded: 0)
System memory in use before: 70.7 MB.
System memory in use after: 70.8 MB.

Unloading 3 unused Assets to reduce memory usage. Loaded Objects now: 1510.
Total: 1.096200 ms (FindLiveObjects: 0.118600 ms CreateObjectMapping: 0.027300 ms MarkObjects: 0.938700 ms  DeleteObjects: 0.010900 ms)

========================================================================
Received Prepare
Registering precompiled user dll's ...
Registered in 0.000387 seconds.
Begin MonoManager ReloadAssembly
Native extension for WindowsStandalone target not found
Refreshing native plugins compatible for Editor in 0.15 ms, found 0 plugins.
Preloading 0 native plugins for Editor in 0.00 ms.
Invoked RoslynAnalysisRunner static constructor.
RoslynAnalysisRunner will not be running.
RoslynAnalysisRunner has terminated.
Mono: successfully reloaded assembly
- Completed reload, in  0.532 seconds
Platform modules already initialized, skipping
Refreshing native plugins compatible for Editor in 0.15 ms, found 0 plugins.
Preloading 0 native plugins for Editor in 0.00 ms.
Unloading 946 Unused Serialized files (Serialized files now loaded: 0)
System memory in use before: 70.7 MB.
System memory in use after: 70.8 MB.

Unloading 3 unused Assets to reduce memory usage. Loaded Objects now: 1512.
Total: 1.141000 ms (FindLiveObjects: 0.134900 ms CreateObjectMapping: 0.033100 ms MarkObjects: 0.961400 ms  DeleteObjects: 0.011100 ms)

========================================================================
Received Prepare
Registering precompiled user dll's ...
Registered in 0.000376 seconds.
Begin MonoManager ReloadAssembly
Native extension for WindowsStandalone target not found
Refreshing native plugins compatible for Editor in 0.15 ms, found 0 plugins.
Preloading 0 native plugins for Editor in 0.00 ms.
Invoked RoslynAnalysisRunner static constructor.
RoslynAnalysisRunner will not be running.
RoslynAnalysisRunner has terminated.
Mono: successfully reloaded assembly
- Completed reload, in  0.530 seconds
Platform modules already initialized, skipping
Refreshing native plugins compatible for Editor in 0.15 ms, found 0 plugins.
Preloading 0 native plugins for Editor in 0.00 ms.
Unloading 946 Unused Serialized files (Serialized files now loaded: 0)
System memory in use before: 70.7 MB.
System memory in use after: 70.8 MB.

Unloading 3 unused Assets to reduce memory usage. Loaded Objects now: 1514.
Total: 1.148800 ms (FindLiveObjects: 0.116500 ms CreateObjectMapping: 0.028200 ms MarkObjects: 0.993300 ms  DeleteObjects: 0.010200 ms)

========================================================================
Received Prepare
Registering precompiled user dll's ...
Registered in 0.000453 seconds.
Begin MonoManager ReloadAssembly
Native extension for WindowsStandalone target not found
Refreshing native plugins compatible for Editor in 0.15 ms, found 0 plugins.
Preloading 0 native plugins for Editor in 0.00 ms.
Invoked RoslynAnalysisRunner static constructor.
RoslynAnalysisRunner will not be running.
RoslynAnalysisRunner has terminated.
Mono: successfully reloaded assembly
- Completed reload, in  0.526 seconds
Platform modules already initialized, skipping
Refreshing native plugins compatible for Editor in 0.15 ms, found 0 plugins.
Preloading 0 native plugins for Editor in 0.00 ms.
Unloading 946 Unused Serialized files (Serialized files now loaded: 0)
System memory in use before: 70.7 MB.
System memory in use after: 70.8 MB.

Unloading 3 unused Assets to reduce memory usage. Loaded Objects now: 1516.
Total: 1.065200 ms (FindLiveObjects: 0.111100 ms CreateObjectMapping: 0.027300 ms MarkObjects: 0.915900 ms  DeleteObjects: 0.010000 ms)

AssetImportWorkerClient::OnTransportError - code=2 error=End of file
